@!@!@STARTMSG 2262:0 @!@!@
TLC2 Version 2.16 of 31 December 2020 (rev: cdddf55)
@!@!@ENDMSG 2262 @!@!@
@!@!@STARTMSG 2187:0 @!@!@
Running breadth-first search Model-Checking with fp 93 and seed -5300892385617122672 with 4 workers on 8 cores with 1177MB heap and 2646MB offheap memory [pid: 14283] (Linux 5.4.0-104-generic amd64, AdoptOpenJDK 14.0.1 x86_64, OffHeapDiskFPSet, DiskStateQueue).
@!@!@ENDMSG 2187 @!@!@
@!@!@STARTMSG 2220:0 @!@!@
Starting SANY...
@!@!@ENDMSG 2220 @!@!@
Parsing file /home/wego/modle_based_test_raft/tla/raft.toolbox/Model_1/MC.tla
Parsing file /home/wego/modle_based_test_raft/tla/raft.toolbox/Model_1/raft.tla
Parsing file /opt/TLA+Toolbox/plugins/org.lamport.tlatools_1.0.0.202012311918/tla2sany/StandardModules/TLC.tla
Parsing file /opt/TLA+Toolbox/plugins/org.lamport.tlatools_1.0.0.202012311918/tla2sany/StandardModules/Naturals.tla
Parsing file /opt/TLA+Toolbox/plugins/org.lamport.tlatools_1.0.0.202012311918/tla2sany/StandardModules/FiniteSets.tla
Parsing file /opt/TLA+Toolbox/plugins/org.lamport.tlatools_1.0.0.202012311918/tla2sany/StandardModules/Sequences.tla
Semantic processing of module Naturals
Semantic processing of module Sequences
Semantic processing of module FiniteSets
Semantic processing of module TLC
Semantic processing of module raft
Semantic processing of module MC
@!@!@STARTMSG 2219:0 @!@!@
SANY finished.
@!@!@ENDMSG 2219 @!@!@
@!@!@STARTMSG 2185:0 @!@!@
Starting... (2022-03-23 15:12:22)
@!@!@ENDMSG 2185 @!@!@
@!@!@STARTMSG 2189:0 @!@!@
Computing initial states...
@!@!@ENDMSG 2189 @!@!@
@!@!@STARTMSG 2190:0 @!@!@
Finished computing initial states: 1 distinct state generated at 2022-03-23 15:12:23.
@!@!@ENDMSG 2190 @!@!@
@!@!@STARTMSG 1000:1 @!@!@
TLC threw an unexpected exception.
This was probably caused by an error in the spec or model.
See the User Output or TLC Console for clues to what happened.
The exception was a java.lang.RuntimeException
: @!@!@STARTMSG 2247:0 @!@!@
In computing next states, TLC expected a boolean expression,
but instead found [mtype |-> RequestVoteRequest, mterm |-> 2, mlastLogTerm |-> 0, mlastLogIndex |-> 0, msource |-> s1, mdest |-> s1].
line 476, col 52 to line 476, col 52 of module raft
@!@!@ENDMSG 2247 @!@!@
@!@!@ENDMSG 1000 @!@!@
@!@!@STARTMSG 2121:1 @!@!@
The behavior up to this point is:
@!@!@ENDMSG 2121 @!@!@
@!@!@STARTMSG 2217:4 @!@!@
1: <Initial predicate>
/\ elections = {}
/\ messages = {}
/\ matchIndex = ( s1 :> (s1 :> 0 @@ s2 :> 0 @@ s3 :> 0) @@
  s2 :> (s1 :> 0 @@ s2 :> 0 @@ s3 :> 0) @@
  s3 :> (s1 :> 0 @@ s2 :> 0 @@ s3 :> 0) )
/\ log = (s1 :> <<>> @@ s2 :> <<>> @@ s3 :> <<>>)
/\ pc = <<"Init">>
/\ state = (s1 :> Follower @@ s2 :> Follower @@ s3 :> Follower)
/\ allLogs = {}
/\ commitIndex = (s1 :> 0 @@ s2 :> 0 @@ s3 :> 0)
/\ currentTerm = (s1 :> 1 @@ s2 :> 1 @@ s3 :> 1)
/\ votesResponded = (s1 :> {} @@ s2 :> {} @@ s3 :> {})
/\ nextIndex = ( s1 :> (s1 :> 1 @@ s2 :> 1 @@ s3 :> 1) @@
  s2 :> (s1 :> 1 @@ s2 :> 1 @@ s3 :> 1) @@
  s3 :> (s1 :> 1 @@ s2 :> 1 @@ s3 :> 1) )
/\ votesGranted = (s1 :> {} @@ s2 :> {} @@ s3 :> {})
/\ voterLog = (s1 :> << >> @@ s2 :> << >> @@ s3 :> << >>)
/\ votedFor = (s1 :> Nil @@ s2 :> Nil @@ s3 :> Nil)

@!@!@ENDMSG 2217 @!@!@
@!@!@STARTMSG 2217:4 @!@!@
2: <Next line 468, col 9 to line 479, col 58 of module raft>
/\ elections = {}
/\ messages = {}
/\ matchIndex = ( s1 :> (s1 :> 0 @@ s2 :> 0 @@ s3 :> 0) @@
  s2 :> (s1 :> 0 @@ s2 :> 0 @@ s3 :> 0) @@
  s3 :> (s1 :> 0 @@ s2 :> 0 @@ s3 :> 0) )
/\ log = (s1 :> <<>> @@ s2 :> <<>> @@ s3 :> <<>>)
/\ pc = <<"Restart", s1>>
/\ state = (s1 :> Follower @@ s2 :> Follower @@ s3 :> Follower)
/\ allLogs = {<<>>}
/\ commitIndex = (s1 :> 0 @@ s2 :> 0 @@ s3 :> 0)
/\ currentTerm = (s1 :> 1 @@ s2 :> 1 @@ s3 :> 1)
/\ votesResponded = (s1 :> {} @@ s2 :> {} @@ s3 :> {})
/\ nextIndex = ( s1 :> (s1 :> 1 @@ s2 :> 1 @@ s3 :> 1) @@
  s2 :> (s1 :> 1 @@ s2 :> 1 @@ s3 :> 1) @@
  s3 :> (s1 :> 1 @@ s2 :> 1 @@ s3 :> 1) )
/\ votesGranted = (s1 :> {} @@ s2 :> {} @@ s3 :> {})
/\ voterLog = (s1 :> << >> @@ s2 :> << >> @@ s3 :> << >>)
/\ votedFor = (s1 :> Nil @@ s2 :> Nil @@ s3 :> Nil)

@!@!@ENDMSG 2217 @!@!@
@!@!@STARTMSG 2217:4 @!@!@
3: <Next line 468, col 9 to line 479, col 58 of module raft>
/\ elections = {}
/\ messages = {}
/\ matchIndex = ( s1 :> (s1 :> 0 @@ s2 :> 0 @@ s3 :> 0) @@
  s2 :> (s1 :> 0 @@ s2 :> 0 @@ s3 :> 0) @@
  s3 :> (s1 :> 0 @@ s2 :> 0 @@ s3 :> 0) )
/\ log = (s1 :> <<>> @@ s2 :> <<>> @@ s3 :> <<>>)
/\ pc = <<"TimeOut", s1>>
/\ state = (s1 :> Candidate @@ s2 :> Follower @@ s3 :> Follower)
/\ allLogs = {<<>>}
/\ commitIndex = (s1 :> 0 @@ s2 :> 0 @@ s3 :> 0)
/\ currentTerm = (s1 :> 2 @@ s2 :> 1 @@ s3 :> 1)
/\ votesResponded = (s1 :> {} @@ s2 :> {} @@ s3 :> {})
/\ nextIndex = ( s1 :> (s1 :> 1 @@ s2 :> 1 @@ s3 :> 1) @@
  s2 :> (s1 :> 1 @@ s2 :> 1 @@ s3 :> 1) @@
  s3 :> (s1 :> 1 @@ s2 :> 1 @@ s3 :> 1) )
/\ votesGranted = (s1 :> {} @@ s2 :> {} @@ s3 :> {})
/\ voterLog = (s1 :> << >> @@ s2 :> << >> @@ s3 :> << >>)
/\ votedFor = (s1 :> Nil @@ s2 :> Nil @@ s3 :> Nil)

@!@!@ENDMSG 2217 @!@!@
@!@!@STARTMSG 2217:4 @!@!@
4: <Next line 468, col 9 to line 479, col 58 of module raft>
/\ elections = {}
/\ messages = { [ mtype |-> RequestVoteRequest,
    mterm |-> 2,
    mlastLogTerm |-> 0,
    mlastLogIndex |-> 0,
    msource |-> s1,
    mdest |-> s1 ] }
/\ matchIndex = ( s1 :> (s1 :> 0 @@ s2 :> 0 @@ s3 :> 0) @@
  s2 :> (s1 :> 0 @@ s2 :> 0 @@ s3 :> 0) @@
  s3 :> (s1 :> 0 @@ s2 :> 0 @@ s3 :> 0) )
/\ log = (s1 :> <<>> @@ s2 :> <<>> @@ s3 :> <<>>)
/\ pc = <<"RequestVote", s1, s1>>
/\ state = (s1 :> Candidate @@ s2 :> Follower @@ s3 :> Follower)
/\ allLogs = {<<>>}
/\ commitIndex = (s1 :> 0 @@ s2 :> 0 @@ s3 :> 0)
/\ currentTerm = (s1 :> 2 @@ s2 :> 1 @@ s3 :> 1)
/\ votesResponded = (s1 :> {} @@ s2 :> {} @@ s3 :> {})
/\ nextIndex = ( s1 :> (s1 :> 1 @@ s2 :> 1 @@ s3 :> 1) @@
  s2 :> (s1 :> 1 @@ s2 :> 1 @@ s3 :> 1) @@
  s3 :> (s1 :> 1 @@ s2 :> 1 @@ s3 :> 1) )
/\ votesGranted = (s1 :> {} @@ s2 :> {} @@ s3 :> {})
/\ voterLog = (s1 :> << >> @@ s2 :> << >> @@ s3 :> << >>)
/\ votedFor = (s1 :> Nil @@ s2 :> Nil @@ s3 :> Nil)

@!@!@ENDMSG 2217 @!@!@
@!@!@STARTMSG 2103:1 @!@!@
The error occurred when TLC was evaluating the nested
expressions at the following positions:
0. Line 468, column 9 to line 479, column 58 in raft
1. Line 468, column 12 to line 477, column 48 in raft
2. Line 476, column 15 to line 476, column 53 in raft
3. Line 476, column 35 to line 476, column 53 in raft
4. Line 455, column 5 to line 458, column 67 in raft
5. Line 455, column 8 to line 455, column 8 in raft
6. Line 476, column 52 to line 476, column 52 in raft


@!@!@ENDMSG 2103 @!@!@
@!@!@STARTMSG 2201:0 @!@!@
The coverage statistics at 2022-03-23 15:12:23
@!@!@ENDMSG 2201 @!@!@
@!@!@STARTMSG 2773:0 @!@!@
<Init line 152, col 1 to line 152, col 4 of module raft>: 2:2
@!@!@ENDMSG 2773 @!@!@
@!@!@STARTMSG 2221:0 @!@!@
  line 152, col 9 to line 158, col 22 of module raft: 2
@!@!@ENDMSG 2221 @!@!@
@!@!@STARTMSG 2772:0 @!@!@
<Next line 468, col 1 to line 468, col 4 of module raft>: 67:173
@!@!@ENDMSG 2772 @!@!@
@!@!@STARTMSG 2221:0 @!@!@
  line 166, col 8 to line 166, col 55 of module raft: 66
@!@!@ENDMSG 2221 @!@!@
@!@!@STARTMSG 2221:0 @!@!@
  line 167, col 8 to line 167, col 58 of module raft: 66
@!@!@ENDMSG 2221 @!@!@
@!@!@STARTMSG 2221:0 @!@!@
  line 168, col 8 to line 168, col 56 of module raft: 66
@!@!@ENDMSG 2221 @!@!@
@!@!@STARTMSG 2221:0 @!@!@
  line 169, col 8 to line 169, col 69 of module raft: 66
@!@!@ENDMSG 2221 @!@!@
@!@!@STARTMSG 2221:0 @!@!@
  line 170, col 8 to line 170, col 71 of module raft: 66
@!@!@ENDMSG 2221 @!@!@
@!@!@STARTMSG 2221:0 @!@!@
  line 171, col 8 to line 171, col 72 of module raft: 66
@!@!@ENDMSG 2221 @!@!@
@!@!@STARTMSG 2221:0 @!@!@
  line 172, col 8 to line 172, col 54 of module raft: 66
@!@!@ENDMSG 2221 @!@!@
@!@!@STARTMSG 2221:0 @!@!@
  line 173, col 8 to line 173, col 29 of module raft: 66
@!@!@ENDMSG 2221 @!@!@
@!@!@STARTMSG 2221:0 @!@!@
  line 174, col 8 to line 174, col 68 of module raft: 66
@!@!@ENDMSG 2221 @!@!@
@!@!@STARTMSG 2221:0 @!@!@
  line 468, col 41 to line 468, col 41 of module raft: 66
@!@!@ENDMSG 2221 @!@!@
@!@!@STARTMSG 2221:0 @!@!@
  line 468, col 24 to line 468, col 29 of module raft: 22
@!@!@ENDMSG 2221 @!@!@
@!@!@STARTMSG 2221:0 @!@!@
  line 177, col 18 to line 177, col 51 of module raft: 132
@!@!@ENDMSG 2221 @!@!@
@!@!@STARTMSG 2221:0 @!@!@
  |line 177, col 18 to line 177, col 25 of module raft: 66
@!@!@ENDMSG 2221 @!@!@
@!@!@STARTMSG 2221:0 @!@!@
  |line 177, col 31 to line 177, col 51 of module raft: 66
@!@!@ENDMSG 2221 @!@!@
@!@!@STARTMSG 2221:0 @!@!@
  line 178, col 18 to line 178, col 57 of module raft: 66
@!@!@ENDMSG 2221 @!@!@
@!@!@STARTMSG 2221:0 @!@!@
  line 179, col 18 to line 179, col 78 of module raft: 66
@!@!@ENDMSG 2221 @!@!@
@!@!@STARTMSG 2221:0 @!@!@
  line 182, col 18 to line 182, col 57 of module raft: 66
@!@!@ENDMSG 2221 @!@!@
@!@!@STARTMSG 2221:0 @!@!@
  line 183, col 18 to line 183, col 68 of module raft: 66
@!@!@ENDMSG 2221 @!@!@
@!@!@STARTMSG 2221:0 @!@!@
  line 184, col 18 to line 184, col 66 of module raft: 66
@!@!@ENDMSG 2221 @!@!@
@!@!@STARTMSG 2221:0 @!@!@
  line 185, col 18 to line 185, col 79 of module raft: 66
@!@!@ENDMSG 2221 @!@!@
@!@!@STARTMSG 2221:0 @!@!@
  line 186, col 18 to line 186, col 39 of module raft: 66
@!@!@ENDMSG 2221 @!@!@
@!@!@STARTMSG 2221:0 @!@!@
  line 187, col 18 to line 187, col 60 of module raft: 66
@!@!@ENDMSG 2221 @!@!@
@!@!@STARTMSG 2221:0 @!@!@
  line 469, col 41 to line 469, col 41 of module raft: 66
@!@!@ENDMSG 2221 @!@!@
@!@!@STARTMSG 2221:0 @!@!@
  line 469, col 24 to line 469, col 29 of module raft: 22
@!@!@ENDMSG 2221 @!@!@
@!@!@STARTMSG 2221:0 @!@!@
  line 191, col 8 to line 191, col 27 of module raft: 246
@!@!@ENDMSG 2221 @!@!@
@!@!@STARTMSG 2221:0 @!@!@
  |line 191, col 8 to line 191, col 15 of module raft: 198
@!@!@ENDMSG 2221 @!@!@
@!@!@STARTMSG 2221:0 @!@!@
  |line 191, col 19 to line 191, col 27 of module raft: 198
@!@!@ENDMSG 2221 @!@!@
@!@!@STARTMSG 2221:0 @!@!@
  line 192, col 8 to line 192, col 33 of module raft: 96
@!@!@ENDMSG 2221 @!@!@
@!@!@STARTMSG 2221:0 @!@!@
  |line 192, col 8 to line 192, col 8 of module raft: 48
@!@!@ENDMSG 2221 @!@!@
@!@!@STARTMSG 2221:0 @!@!@
  |line 192, col 17 to line 192, col 33 of module raft: 48
@!@!@ENDMSG 2221 @!@!@
@!@!@STARTMSG 2221:0 @!@!@
  line 193, col 8 to line 198, col 34 of module raft: 48
@!@!@ENDMSG 2221 @!@!@
@!@!@STARTMSG 2221:0 @!@!@
  line 199, col 8 to line 199, col 36 of module raft: 48
@!@!@ENDMSG 2221 @!@!@
@!@!@STARTMSG 2221:0 @!@!@
  line 200, col 8 to line 200, col 67 of module raft: 48
@!@!@ENDMSG 2221 @!@!@
@!@!@STARTMSG 2221:0 @!@!@
  line 470, col 47 to line 470, col 47 of module raft: 198
@!@!@ENDMSG 2221 @!@!@
@!@!@STARTMSG 2221:0 @!@!@
  line 470, col 50 to line 470, col 50 of module raft: 48
@!@!@ENDMSG 2221 @!@!@
@!@!@STARTMSG 2221:0 @!@!@
  line 470, col 26 to line 470, col 31 of module raft: 22
@!@!@ENDMSG 2221 @!@!@
@!@!@STARTMSG 2221:0 @!@!@
  line 232, col 8 to line 232, col 27 of module raft: 66
@!@!@ENDMSG 2221 @!@!@
@!@!@STARTMSG 2221:0 @!@!@
  line 233, col 8 to line 233, col 33 of module raft: 16
@!@!@ENDMSG 2221 @!@!@
@!@!@STARTMSG 2221:0 @!@!@
  line 234, col 8 to line 234, col 49 of module raft: 0
@!@!@ENDMSG 2221 @!@!@
@!@!@STARTMSG 2221:0 @!@!@
  line 235, col 8 to line 236, col 60 of module raft: 0
@!@!@ENDMSG 2221 @!@!@
@!@!@STARTMSG 2221:0 @!@!@
  line 237, col 8 to line 238, col 46 of module raft: 0
@!@!@ENDMSG 2221 @!@!@
@!@!@STARTMSG 2221:0 @!@!@
  line 239, col 8 to line 244, col 54 of module raft: 0
@!@!@ENDMSG 2221 @!@!@
@!@!@STARTMSG 2221:0 @!@!@
  line 245, col 8 to line 245, col 34 of module raft: 0
@!@!@ENDMSG 2221 @!@!@
@!@!@STARTMSG 2221:0 @!@!@
  line 246, col 8 to line 246, col 76 of module raft: 0
@!@!@ENDMSG 2221 @!@!@
@!@!@STARTMSG 2221:0 @!@!@
  line 471, col 46 to line 471, col 46 of module raft: 66
@!@!@ENDMSG 2221 @!@!@
@!@!@STARTMSG 2221:0 @!@!@
  line 471, col 24 to line 471, col 29 of module raft: 22
@!@!@ENDMSG 2221 @!@!@
@!@!@STARTMSG 2221:0 @!@!@
  line 250, col 8 to line 250, col 24 of module raft: 132
@!@!@ENDMSG 2221 @!@!@
@!@!@STARTMSG 2221:0 @!@!@
  line 254, col 12 to line 254, col 44 of module raft: 0
@!@!@ENDMSG 2221 @!@!@
@!@!@STARTMSG 2221:0 @!@!@
  line 255, col 8 to line 255, col 38 of module raft: 0
@!@!@ENDMSG 2221 @!@!@
@!@!@STARTMSG 2221:0 @!@!@
  line 256, col 8 to line 257, col 44 of module raft: 0
@!@!@ENDMSG 2221 @!@!@
@!@!@STARTMSG 2221:0 @!@!@
  line 472, col 60 to line 472, col 60 of module raft: 132
@!@!@ENDMSG 2221 @!@!@
@!@!@STARTMSG 2221:0 @!@!@
  line 472, col 24 to line 472, col 29 of module raft: 22
@!@!@ENDMSG 2221 @!@!@
@!@!@STARTMSG 2221:0 @!@!@
  line 472, col 38 to line 472, col 42 of module raft: 22
@!@!@ENDMSG 2221 @!@!@
@!@!@STARTMSG 2221:0 @!@!@
  line 264, col 8 to line 264, col 24 of module raft: 66
@!@!@ENDMSG 2221 @!@!@
@!@!@STARTMSG 2221:0 @!@!@
  line 279, col 11 to line 279, col 67 of module raft: 0
@!@!@ENDMSG 2221 @!@!@
@!@!@STARTMSG 2221:0 @!@!@
  line 280, col 8 to line 280, col 40 of module raft: 0
@!@!@ENDMSG 2221 @!@!@
@!@!@STARTMSG 2221:0 @!@!@
  line 281, col 8 to line 281, col 73 of module raft: 0
@!@!@ENDMSG 2221 @!@!@
@!@!@STARTMSG 2221:0 @!@!@
  line 473, col 52 to line 473, col 52 of module raft: 66
@!@!@ENDMSG 2221 @!@!@
@!@!@STARTMSG 2221:0 @!@!@
  line 473, col 24 to line 473, col 29 of module raft: 22
@!@!@ENDMSG 2221 @!@!@
@!@!@STARTMSG 2221:0 @!@!@
  line 206, col 8 to line 206, col 13 of module raft: 198
@!@!@ENDMSG 2221 @!@!@
@!@!@STARTMSG 2221:0 @!@!@
  line 207, col 8 to line 207, col 24 of module raft: 132
@!@!@ENDMSG 2221 @!@!@
@!@!@STARTMSG 2221:0 @!@!@
  line 118, col 12 to line 118, col 47 of module raft: 0
@!@!@ENDMSG 2221 @!@!@
@!@!@STARTMSG 2221:0 @!@!@
  line 227, col 8 to line 227, col 38 of module raft: 0
@!@!@ENDMSG 2221 @!@!@
@!@!@STARTMSG 2221:0 @!@!@
  line 228, col 8 to line 228, col 67 of module raft: 0
@!@!@ENDMSG 2221 @!@!@
@!@!@STARTMSG 2221:0 @!@!@
  line 474, col 49 to line 474, col 49 of module raft: 198
@!@!@ENDMSG 2221 @!@!@
@!@!@STARTMSG 2221:0 @!@!@
  line 474, col 52 to line 474, col 52 of module raft: 198
@!@!@ENDMSG 2221 @!@!@
@!@!@STARTMSG 2221:0 @!@!@
  line 474, col 26 to line 474, col 31 of module raft: 22
@!@!@ENDMSG 2221 @!@!@
@!@!@STARTMSG 2221:0 @!@!@
  line 416, col 8 to line 416, col 31 of module raft: 1
@!@!@ENDMSG 2221 @!@!@
@!@!@STARTMSG 2221:0 @!@!@
  |line 416, col 8 to line 416, col 14 of module raft: 3
@!@!@ENDMSG 2221 @!@!@
@!@!@STARTMSG 2221:0 @!@!@
  |line 416, col 18 to line 416, col 31 of module raft: 3
@!@!@ENDMSG 2221 @!@!@
@!@!@STARTMSG 2221:0 @!@!@
  line 417, col 8 to line 417, col 60 of module raft: 1
@!@!@ENDMSG 2221 @!@!@
@!@!@STARTMSG 2221:0 @!@!@
  line 418, col 8 to line 418, col 61 of module raft: 1
@!@!@ENDMSG 2221 @!@!@
@!@!@STARTMSG 2221:0 @!@!@
  line 419, col 8 to line 419, col 56 of module raft: 1
@!@!@ENDMSG 2221 @!@!@
@!@!@STARTMSG 2221:0 @!@!@
  line 420, col 8 to line 420, col 44 of module raft: 1
@!@!@ENDMSG 2221 @!@!@
@!@!@STARTMSG 2221:0 @!@!@
  line 422, col 8 to line 422, col 65 of module raft: 1
@!@!@ENDMSG 2221 @!@!@
@!@!@STARTMSG 2221:0 @!@!@
  line 437, col 22 to line 437, col 22 of module raft: 3
@!@!@ENDMSG 2221 @!@!@
@!@!@STARTMSG 2221:0 @!@!@
  line 437, col 25 to line 437, col 25 of module raft: 1
@!@!@ENDMSG 2221 @!@!@
@!@!@STARTMSG 2221:0 @!@!@
  line 437, col 28 to line 437, col 28 of module raft: 3
@!@!@ENDMSG 2221 @!@!@
@!@!@STARTMSG 2221:0 @!@!@
  line 438, col 14 to line 438, col 41 of module raft: 5
@!@!@ENDMSG 2221 @!@!@
@!@!@STARTMSG 2221:0 @!@!@
  |line 438, col 14 to line 438, col 20 of module raft: 3
@!@!@ENDMSG 2221 @!@!@
@!@!@STARTMSG 2221:0 @!@!@
  |line 438, col 24 to line 438, col 41 of module raft: 3
@!@!@ENDMSG 2221 @!@!@
@!@!@STARTMSG 2221:0 @!@!@
  line 296, col 11 to line 296, col 35 of module raft: 2
@!@!@ENDMSG 2221 @!@!@
@!@!@STARTMSG 2221:0 @!@!@
  |line 296, col 11 to line 296, col 17 of module raft: 3
@!@!@ENDMSG 2221 @!@!@
@!@!@STARTMSG 2221:0 @!@!@
  |line 296, col 22 to line 296, col 35 of module raft: 3
@!@!@ENDMSG 2221 @!@!@
@!@!@STARTMSG 2221:0 @!@!@
  line 293, col 21 to line 293, col 44 of module raft: 4
@!@!@ENDMSG 2221 @!@!@
@!@!@STARTMSG 2221:0 @!@!@
  |line 293, col 21 to line 293, col 27 of module raft: 2
@!@!@ENDMSG 2221 @!@!@
@!@!@STARTMSG 2221:0 @!@!@
  |line 293, col 31 to line 293, col 44 of module raft: 2
@!@!@ENDMSG 2221 @!@!@
@!@!@STARTMSG 2221:0 @!@!@
  line 290, col 21 to line 290, col 53 of module raft: 2
@!@!@ENDMSG 2221 @!@!@
@!@!@STARTMSG 2221:0 @!@!@
  line 291, col 24 to line 291, col 56 of module raft: 4
@!@!@ENDMSG 2221 @!@!@
@!@!@STARTMSG 2221:0 @!@!@
  |line 291, col 24 to line 291, col 37 of module raft: 2
@!@!@ENDMSG 2221 @!@!@
@!@!@STARTMSG 2221:0 @!@!@
  |line 291, col 41 to line 291, col 56 of module raft: 2
@!@!@ENDMSG 2221 @!@!@
@!@!@STARTMSG 2221:0 @!@!@
  line 292, col 24 to line 292, col 53 of module raft: 2
@!@!@ENDMSG 2221 @!@!@
@!@!@STARTMSG 2221:0 @!@!@
  line 295, col 21 to line 295, col 44 of module raft: 4
@!@!@ENDMSG 2221 @!@!@
@!@!@STARTMSG 2221:0 @!@!@
  |line 295, col 21 to line 295, col 31 of module raft: 2
@!@!@ENDMSG 2221 @!@!@
@!@!@STARTMSG 2221:0 @!@!@
  |line 295, col 37 to line 295, col 44 of module raft: 2
@!@!@ENDMSG 2221 @!@!@
@!@!@STARTMSG 2221:0 @!@!@
  line 297, col 24 to line 297, col 61 of module raft: 2
@!@!@ENDMSG 2221 @!@!@
@!@!@STARTMSG 2221:0 @!@!@
  line 298, col 14 to line 298, col 19 of module raft: 2
@!@!@ENDMSG 2221 @!@!@
@!@!@STARTMSG 2221:0 @!@!@
  line 298, col 24 to line 298, col 41 of module raft: 0
@!@!@ENDMSG 2221 @!@!@
@!@!@STARTMSG 2221:0 @!@!@
  line 299, col 11 to line 307, col 19 of module raft: 2
@!@!@ENDMSG 2221 @!@!@
@!@!@STARTMSG 2221:0 @!@!@
  line 308, col 11 to line 308, col 52 of module raft: 2
@!@!@ENDMSG 2221 @!@!@
@!@!@STARTMSG 2221:0 @!@!@
  line 309, col 11 to line 309, col 78 of module raft: 2
@!@!@ENDMSG 2221 @!@!@
@!@!@STARTMSG 2221:0 @!@!@
  line 439, col 39 to line 439, col 39 of module raft: 3
@!@!@ENDMSG 2221 @!@!@
@!@!@STARTMSG 2221:0 @!@!@
  line 439, col 42 to line 439, col 42 of module raft: 2
@!@!@ENDMSG 2221 @!@!@
@!@!@STARTMSG 2221:0 @!@!@
  line 439, col 45 to line 439, col 45 of module raft: 3
@!@!@ENDMSG 2221 @!@!@
@!@!@STARTMSG 2221:0 @!@!@
  line 440, col 14 to line 440, col 42 of module raft: 3
@!@!@ENDMSG 2221 @!@!@
@!@!@STARTMSG 2221:0 @!@!@
  line 427, col 8 to line 427, col 36 of module raft: 0
@!@!@ENDMSG 2221 @!@!@
@!@!@STARTMSG 2221:0 @!@!@
  line 122, col 15 to line 122, col 53 of module raft: 0
@!@!@ENDMSG 2221 @!@!@
@!@!@STARTMSG 2221:0 @!@!@
  line 429, col 8 to line 429, col 67 of module raft: 0
@!@!@ENDMSG 2221 @!@!@
@!@!@STARTMSG 2221:0 @!@!@
  line 317, col 8 to line 318, col 57 of module raft: 0
@!@!@ENDMSG 2221 @!@!@
@!@!@STARTMSG 2221:0 @!@!@
  line 320, col 14 to line 321, col 59 of module raft: 0
@!@!@ENDMSG 2221 @!@!@
@!@!@STARTMSG 2221:0 @!@!@
  line 322, col 14 to line 323, col 59 of module raft: 0
@!@!@ENDMSG 2221 @!@!@
@!@!@STARTMSG 2221:0 @!@!@
  line 325, col 14 to line 325, col 49 of module raft: 0
@!@!@ENDMSG 2221 @!@!@
@!@!@STARTMSG 2221:0 @!@!@
  line 122, col 15 to line 122, col 53 of module raft: 0
@!@!@ENDMSG 2221 @!@!@
@!@!@STARTMSG 2221:0 @!@!@
  line 327, col 8 to line 327, col 50 of module raft: 0
@!@!@ENDMSG 2221 @!@!@
@!@!@STARTMSG 2221:0 @!@!@
  line 328, col 8 to line 328, col 62 of module raft: 0
@!@!@ENDMSG 2221 @!@!@
@!@!@STARTMSG 2221:0 @!@!@
  line 443, col 14 to line 443, col 43 of module raft: 3
@!@!@ENDMSG 2221 @!@!@
@!@!@STARTMSG 2221:0 @!@!@
  line 126, col 5 to line 126, col 72 of module raft: 0
@!@!@ENDMSG 2221 @!@!@
@!@!@STARTMSG 2221:0 @!@!@
  line 352, col 17 to line 352, col 49 of module raft: 0
@!@!@ENDMSG 2221 @!@!@
@!@!@STARTMSG 2221:0 @!@!@
  line 356, col 17 to line 356, col 55 of module raft: 0
@!@!@ENDMSG 2221 @!@!@
@!@!@STARTMSG 2221:0 @!@!@
  line 357, col 17 to line 357, col 70 of module raft: 0
@!@!@ENDMSG 2221 @!@!@
@!@!@STARTMSG 2221:0 @!@!@
  line 371, col 27 to line 372, col 61 of module raft: 0
@!@!@ENDMSG 2221 @!@!@
@!@!@STARTMSG 2221:0 @!@!@
  line 126, col 5 to line 126, col 72 of module raft: 0
@!@!@ENDMSG 2221 @!@!@
@!@!@STARTMSG 2221:0 @!@!@
  line 381, col 27 to line 381, col 55 of module raft: 0
@!@!@ENDMSG 2221 @!@!@
@!@!@STARTMSG 2221:0 @!@!@
  line 388, col 30 to line 388, col 59 of module raft: 0
@!@!@ENDMSG 2221 @!@!@
@!@!@STARTMSG 2221:0 @!@!@
  line 389, col 27 to line 389, col 73 of module raft: 0
@!@!@ENDMSG 2221 @!@!@
@!@!@STARTMSG 2221:0 @!@!@
  line 393, col 27 to line 394, col 68 of module raft: 0
@!@!@ENDMSG 2221 @!@!@
@!@!@STARTMSG 2221:0 @!@!@
  line 395, col 27 to line 395, col 73 of module raft: 0
@!@!@ENDMSG 2221 @!@!@
@!@!@STARTMSG 2221:0 @!@!@
  line 396, col 11 to line 396, col 54 of module raft: 0
@!@!@ENDMSG 2221 @!@!@
@!@!@STARTMSG 2221:0 @!@!@
  line 397, col 11 to line 397, col 49 of module raft: 0
@!@!@ENDMSG 2221 @!@!@
@!@!@STARTMSG 2221:0 @!@!@
  line 445, col 14 to line 445, col 44 of module raft: 3
@!@!@ENDMSG 2221 @!@!@
@!@!@STARTMSG 2221:0 @!@!@
  line 427, col 8 to line 427, col 36 of module raft: 0
@!@!@ENDMSG 2221 @!@!@
@!@!@STARTMSG 2221:0 @!@!@
  line 122, col 15 to line 122, col 53 of module raft: 0
@!@!@ENDMSG 2221 @!@!@
@!@!@STARTMSG 2221:0 @!@!@
  line 429, col 8 to line 429, col 67 of module raft: 0
@!@!@ENDMSG 2221 @!@!@
@!@!@STARTMSG 2221:0 @!@!@
  line 404, col 14 to line 404, col 74 of module raft: 0
@!@!@ENDMSG 2221 @!@!@
@!@!@STARTMSG 2221:0 @!@!@
  line 405, col 14 to line 405, col 70 of module raft: 0
@!@!@ENDMSG 2221 @!@!@
@!@!@STARTMSG 2221:0 @!@!@
  line 407, col 14 to line 408, col 61 of module raft: 0
@!@!@ENDMSG 2221 @!@!@
@!@!@STARTMSG 2221:0 @!@!@
  line 409, col 14 to line 409, col 37 of module raft: 0
@!@!@ENDMSG 2221 @!@!@
@!@!@STARTMSG 2221:0 @!@!@
  line 122, col 15 to line 122, col 53 of module raft: 0
@!@!@ENDMSG 2221 @!@!@
@!@!@STARTMSG 2221:0 @!@!@
  line 411, col 8 to line 411, col 52 of module raft: 0
@!@!@ENDMSG 2221 @!@!@
@!@!@STARTMSG 2221:0 @!@!@
  line 412, col 8 to line 412, col 66 of module raft: 0
@!@!@ENDMSG 2221 @!@!@
@!@!@STARTMSG 2221:0 @!@!@
  line 475, col 43 to line 475, col 43 of module raft: 3
@!@!@ENDMSG 2221 @!@!@
@!@!@STARTMSG 2221:0 @!@!@
  line 475, col 24 to line 475, col 31 of module raft: 22
@!@!@ENDMSG 2221 @!@!@
@!@!@STARTMSG 2221:0 @!@!@
  line 118, col 12 to line 118, col 47 of module raft: 0
@!@!@ENDMSG 2221 @!@!@
@!@!@STARTMSG 2221:0 @!@!@
  line 457, col 8 to line 457, col 33 of module raft: 0
@!@!@ENDMSG 2221 @!@!@
@!@!@STARTMSG 2221:0 @!@!@
  line 458, col 8 to line 458, col 67 of module raft: 0
@!@!@ENDMSG 2221 @!@!@
@!@!@STARTMSG 2221:0 @!@!@
  line 476, col 24 to line 476, col 31 of module raft: 22
@!@!@ENDMSG 2221 @!@!@
@!@!@STARTMSG 2221:0 @!@!@
  line 122, col 15 to line 122, col 53 of module raft: 0
@!@!@ENDMSG 2221 @!@!@
@!@!@STARTMSG 2221:0 @!@!@
  line 463, col 8 to line 463, col 36 of module raft: 0
@!@!@ENDMSG 2221 @!@!@
@!@!@STARTMSG 2221:0 @!@!@
  line 464, col 8 to line 464, col 67 of module raft: 0
@!@!@ENDMSG 2221 @!@!@
@!@!@STARTMSG 2221:0 @!@!@
  line 477, col 24 to line 477, col 31 of module raft: 19
@!@!@ENDMSG 2221 @!@!@
@!@!@STARTMSG 2221:0 @!@!@
  line 479, col 12 to line 479, col 58 of module raft: 183
@!@!@ENDMSG 2221 @!@!@
@!@!@STARTMSG 2221:0 @!@!@
  |line 479, col 23 to line 479, col 58 of module raft: 183
@!@!@ENDMSG 2221 @!@!@
@!@!@STARTMSG 2221:0 @!@!@
  ||line 479, col 23 to line 479, col 29 of module raft: 183
@!@!@ENDMSG 2221 @!@!@
@!@!@STARTMSG 2775:0 @!@!@
  ||line 479, col 36 to line 479, col 58 of module raft: 183:342
@!@!@ENDMSG 2775 @!@!@
@!@!@STARTMSG 2221:0 @!@!@
  |||line 479, col 37 to line 479, col 42 of module raft: 549
@!@!@ENDMSG 2221 @!@!@
@!@!@STARTMSG 2221:0 @!@!@
  |||line 479, col 52 to line 479, col 57 of module raft: 183
@!@!@ENDMSG 2221 @!@!@
@!@!@STARTMSG 2202:0 @!@!@
End of statistics.
@!@!@ENDMSG 2202 @!@!@
@!@!@STARTMSG 2200:0 @!@!@
Progress(7) at 2022-03-23 15:12:23: 153 states generated (8,031 s/min), 68 distinct states found (3,569 ds/min), 50 states left on queue.
@!@!@ENDMSG 2200 @!@!@
@!@!@STARTMSG 2199:0 @!@!@
153 states generated, 68 distinct states found, 50 states left on queue.
@!@!@ENDMSG 2199 @!@!@
@!@!@STARTMSG 2186:0 @!@!@
Finished in 1151ms at (2022-03-23 15:12:23)
@!@!@ENDMSG 2186 @!@!@
