@!@!@STARTMSG 2262:0 @!@!@
TLC2 Version 2.18 of Day Month 20?? (rev: f4d8c3d)
@!@!@ENDMSG 2262 @!@!@
@!@!@STARTMSG 2188:0 @!@!@
Running Random Simulation with seed 8532609096436850851 with 8 workers on 8 cores with 1883MB heap and 4234MB offheap memory [pid: 14010] (Linux 5.4.0-105-generic amd64, Ubuntu 11.0.14 x86_64).
@!@!@ENDMSG 2188 @!@!@
@!@!@STARTMSG 2220:0 @!@!@
Starting SANY...
@!@!@ENDMSG 2220 @!@!@
Parsing file /home/wego/modle_based_test_raft/tla/simulation_2022-04-22_10-32-34_1/MC.tla
Parsing file /home/wego/modle_based_test_raft/tla/simulation_2022-04-22_10-32-34_1/new_raft.tla
Parsing file /tmp/tlc-4006841954102911967/TLC.tla (jar:file:/home/wego/modle_based_test_raft/tlc-cmd/tla2tools.jar!/tla2sany/StandardModules/TLC.tla)
Parsing file /tmp/tlc-4006841954102911967/Naturals.tla (jar:file:/home/wego/modle_based_test_raft/tlc-cmd/tla2tools.jar!/tla2sany/StandardModules/Naturals.tla)
Parsing file /tmp/tlc-4006841954102911967/FiniteSets.tla (jar:file:/home/wego/modle_based_test_raft/tlc-cmd/tla2tools.jar!/tla2sany/StandardModules/FiniteSets.tla)
Parsing file /tmp/tlc-4006841954102911967/Sequences.tla (jar:file:/home/wego/modle_based_test_raft/tlc-cmd/tla2tools.jar!/tla2sany/StandardModules/Sequences.tla)
Semantic processing of module Naturals
Semantic processing of module Sequences
Semantic processing of module FiniteSets
Semantic processing of module TLC
Semantic processing of module new_raft
Semantic processing of module MC
@!@!@STARTMSG 2219:0 @!@!@
SANY finished.
@!@!@ENDMSG 2219 @!@!@
@!@!@STARTMSG 2185:0 @!@!@
Starting... (2022-04-22 10:32:35)
@!@!@ENDMSG 2185 @!@!@
@!@!@STARTMSG 2269:0 @!@!@
Computed 1 initial states...
@!@!@ENDMSG 2269 @!@!@
@!@!@STARTMSG 2209:0 @!@!@
Progress(8) at 2022-04-22 10:32:35: 3947 states generated, -1 distinct states found, -1 states left on queue.
@!@!@ENDMSG 2209 @!@!@
@!@!@STARTMSG 2209:0 @!@!@
Progress(8) at 2022-04-22 10:32:35: 3947 states generated, -1 distinct states found, -1 states left on queue.
@!@!@ENDMSG 2209 @!@!@
@!@!@STARTMSG 2210:0 @!@!@
The number of states generated: 3947
Simulation using seed 8532609096436850851 and aril 0
@!@!@ENDMSG 2210 @!@!@
@!@!@STARTMSG 2186:0 @!@!@
Finished in 1201ms at (2022-04-22 10:32:35)
@!@!@ENDMSG 2186 @!@!@
