@!@!@STARTMSG 2262:0 @!@!@
TLC2 Version 2.16 of 31 December 2020 (rev: cdddf55)
@!@!@ENDMSG 2262 @!@!@
@!@!@STARTMSG 2187:0 @!@!@
Running breadth-first search Model-Checking with fp 79 and seed 8686083702227274477 with 4 workers on 8 cores with 1177MB heap and 2646MB offheap memory [pid: 9691] (Linux 5.4.0-104-generic amd64, AdoptOpenJDK 14.0.1 x86_64, OffHeapDiskFPSet, DiskStateQueue).
@!@!@ENDMSG 2187 @!@!@
@!@!@STARTMSG 2220:0 @!@!@
Starting SANY...
@!@!@ENDMSG 2220 @!@!@
Parsing file /home/wego/modle_based_test_raft/tla/new_raft.toolbox/Model_1/MC.tla
Parsing file /home/wego/modle_based_test_raft/tla/new_raft.toolbox/Model_1/new_raft.tla
Parsing file /opt/TLA+Toolbox/plugins/org.lamport.tlatools_1.0.0.202012311918/tla2sany/StandardModules/TLC.tla
Parsing file /opt/TLA+Toolbox/plugins/org.lamport.tlatools_1.0.0.202012311918/tla2sany/StandardModules/Naturals.tla
Parsing file /opt/TLA+Toolbox/plugins/org.lamport.tlatools_1.0.0.202012311918/tla2sany/StandardModules/FiniteSets.tla
Parsing file /opt/TLA+Toolbox/plugins/org.lamport.tlatools_1.0.0.202012311918/tla2sany/StandardModules/Sequences.tla
Semantic processing of module Naturals
Semantic processing of module Sequences
Semantic processing of module FiniteSets
Semantic processing of module TLC
Semantic processing of module new_raft
Semantic processing of module MC
@!@!@STARTMSG 2219:0 @!@!@
SANY finished.
@!@!@ENDMSG 2219 @!@!@
@!@!@STARTMSG 2185:0 @!@!@
Starting... (2022-03-27 10:42:50)
@!@!@ENDMSG 2185 @!@!@
@!@!@STARTMSG 2189:0 @!@!@
Computing initial states...
@!@!@ENDMSG 2189 @!@!@
@!@!@STARTMSG 2190:0 @!@!@
Finished computing initial states: 1 distinct state generated at 2022-03-27 10:42:50.
@!@!@ENDMSG 2190 @!@!@
@!@!@STARTMSG 2110:1 @!@!@
Invariant AtMostOneLeaderPerTerm is violated.
@!@!@ENDMSG 2110 @!@!@
@!@!@STARTMSG 2121:1 @!@!@
The behavior up to this point is:
@!@!@ENDMSG 2121 @!@!@
@!@!@STARTMSG 2217:4 @!@!@
1: <Initial predicate>
/\ elections = {}
/\ messages = {}
/\ matchIndex = ( s1 :> (s1 :> 0 @@ s2 :> 0 @@ s3 :> 0) @@
  s2 :> (s1 :> 0 @@ s2 :> 0 @@ s3 :> 0) @@
  s3 :> (s1 :> 0 @@ s2 :> 0 @@ s3 :> 0) )
/\ log = (s1 :> <<>> @@ s2 :> <<>> @@ s3 :> <<>>)
/\ pc = <<"Init">>
/\ state = (s1 :> Follower @@ s2 :> Follower @@ s3 :> Follower)
/\ commitIndex = (s1 :> 0 @@ s2 :> 0 @@ s3 :> 0)
/\ currentTerm = (s1 :> 1 @@ s2 :> 1 @@ s3 :> 1)
/\ nextIndex = ( s1 :> (s1 :> 1 @@ s2 :> 1 @@ s3 :> 1) @@
  s2 :> (s1 :> 1 @@ s2 :> 1 @@ s3 :> 1) @@
  s3 :> (s1 :> 1 @@ s2 :> 1 @@ s3 :> 1) )
/\ votesGranted = (s1 :> {} @@ s2 :> {} @@ s3 :> {})
/\ scr = [lock |-> Nil]
/\ votedFor = (s1 :> Nil @@ s2 :> Nil @@ s3 :> Nil)

@!@!@ENDMSG 2217 @!@!@
@!@!@STARTMSG 2217:4 @!@!@
2: <DoTimeout line 581, col 36 to line 582, col 46 of module new_raft>
/\ elections = {}
/\ messages = {}
/\ matchIndex = ( s1 :> (s1 :> 0 @@ s2 :> 0 @@ s3 :> 0) @@
  s2 :> (s1 :> 0 @@ s2 :> 0 @@ s3 :> 0) @@
  s3 :> (s1 :> 0 @@ s2 :> 0 @@ s3 :> 0) )
/\ log = (s1 :> <<>> @@ s2 :> <<>> @@ s3 :> <<>>)
/\ pc = <<"Timeout: election", s1>>
/\ state = (s1 :> Candidate @@ s2 :> Follower @@ s3 :> Follower)
/\ commitIndex = (s1 :> 0 @@ s2 :> 0 @@ s3 :> 0)
/\ currentTerm = (s1 :> 2 @@ s2 :> 1 @@ s3 :> 1)
/\ nextIndex = ( s1 :> (s1 :> 1 @@ s2 :> 1 @@ s3 :> 1) @@
  s2 :> (s1 :> 1 @@ s2 :> 1 @@ s3 :> 1) @@
  s3 :> (s1 :> 1 @@ s2 :> 1 @@ s3 :> 1) )
/\ votesGranted = (s1 :> {s1} @@ s2 :> {} @@ s3 :> {})
/\ scr = [ lock |->
      [ type |-> RequestVoteRequest,
        args |-> {[from |-> s1, to |-> s2], [from |-> s1, to |-> s3]} ] ]
/\ votedFor = (s1 :> s1 @@ s2 :> Nil @@ s3 :> Nil)

@!@!@ENDMSG 2217 @!@!@
@!@!@STARTMSG 2217:4 @!@!@
3: <DoLoop line 590, col 11 to line 607, col 41 of module new_raft>
/\ elections = {}
/\ messages = { [ type |-> RequestVoteRequest,
    from |-> s1,
    to |-> s2,
    body |->
        [term |-> 2, candidate |-> s1, lastLogIdx |-> 0, lastLogTerm |-> 0] ] }
/\ matchIndex = ( s1 :> (s1 :> 0 @@ s2 :> 0 @@ s3 :> 0) @@
  s2 :> (s1 :> 0 @@ s2 :> 0 @@ s3 :> 0) @@
  s3 :> (s1 :> 0 @@ s2 :> 0 @@ s3 :> 0) )
/\ log = (s1 :> <<>> @@ s2 :> <<>> @@ s3 :> <<>>)
/\ pc = <<"DoLoop: RequestVote", s1, s2>>
/\ state = (s1 :> Candidate @@ s2 :> Follower @@ s3 :> Follower)
/\ commitIndex = (s1 :> 0 @@ s2 :> 0 @@ s3 :> 0)
/\ currentTerm = (s1 :> 2 @@ s2 :> 1 @@ s3 :> 1)
/\ nextIndex = ( s1 :> (s1 :> 1 @@ s2 :> 1 @@ s3 :> 1) @@
  s2 :> (s1 :> 1 @@ s2 :> 1 @@ s3 :> 1) @@
  s3 :> (s1 :> 1 @@ s2 :> 1 @@ s3 :> 1) )
/\ votesGranted = (s1 :> {s1} @@ s2 :> {} @@ s3 :> {})
/\ scr = [lock |-> [type |-> RequestVoteRequest, args |-> {[from |-> s1, to |-> s3]}]]
/\ votedFor = (s1 :> s1 @@ s2 :> Nil @@ s3 :> Nil)

@!@!@ENDMSG 2217 @!@!@
@!@!@STARTMSG 2217:4 @!@!@
4: <DoLoop line 590, col 11 to line 607, col 41 of module new_raft>
/\ elections = {}
/\ messages = { [ type |-> RequestVoteRequest,
    from |-> s1,
    to |-> s2,
    body |->
        [term |-> 2, candidate |-> s1, lastLogIdx |-> 0, lastLogTerm |-> 0] ],
  [ type |-> RequestVoteRequest,
    from |-> s1,
    to |-> s3,
    body |->
        [term |-> 2, candidate |-> s1, lastLogIdx |-> 0, lastLogTerm |-> 0] ] }
/\ matchIndex = ( s1 :> (s1 :> 0 @@ s2 :> 0 @@ s3 :> 0) @@
  s2 :> (s1 :> 0 @@ s2 :> 0 @@ s3 :> 0) @@
  s3 :> (s1 :> 0 @@ s2 :> 0 @@ s3 :> 0) )
/\ log = (s1 :> <<>> @@ s2 :> <<>> @@ s3 :> <<>>)
/\ pc = <<"DoLoop: RequestVote", s1, s3>>
/\ state = (s1 :> Candidate @@ s2 :> Follower @@ s3 :> Follower)
/\ commitIndex = (s1 :> 0 @@ s2 :> 0 @@ s3 :> 0)
/\ currentTerm = (s1 :> 2 @@ s2 :> 1 @@ s3 :> 1)
/\ nextIndex = ( s1 :> (s1 :> 1 @@ s2 :> 1 @@ s3 :> 1) @@
  s2 :> (s1 :> 1 @@ s2 :> 1 @@ s3 :> 1) @@
  s3 :> (s1 :> 1 @@ s2 :> 1 @@ s3 :> 1) )
/\ votesGranted = (s1 :> {s1} @@ s2 :> {} @@ s3 :> {})
/\ scr = [lock |-> Nil]
/\ votedFor = (s1 :> s1 @@ s2 :> Nil @@ s3 :> Nil)

@!@!@ENDMSG 2217 @!@!@
@!@!@STARTMSG 2217:4 @!@!@
5: <DoHandleRequestVoteRequest line 573, col 36 to line 574, col 80 of module new_raft>
/\ elections = {}
/\ messages = { [ type |-> RequestVoteResponse,
    from |-> s2,
    to |-> s1,
    body |-> [term |-> 2, voteGranted |-> TRUE] ],
  [ type |-> RequestVoteRequest,
    from |-> s1,
    to |-> s3,
    body |->
        [term |-> 2, candidate |-> s1, lastLogIdx |-> 0, lastLogTerm |-> 0] ] }
/\ matchIndex = ( s1 :> (s1 :> 0 @@ s2 :> 0 @@ s3 :> 0) @@
  s2 :> (s1 :> 0 @@ s2 :> 0 @@ s3 :> 0) @@
  s3 :> (s1 :> 0 @@ s2 :> 0 @@ s3 :> 0) )
/\ log = (s1 :> <<>> @@ s2 :> <<>> @@ s3 :> <<>>)
/\ pc = <<"HandleRequestVoteRequest: granted", s2, s1>>
/\ state = (s1 :> Candidate @@ s2 :> Follower @@ s3 :> Follower)
/\ commitIndex = (s1 :> 0 @@ s2 :> 0 @@ s3 :> 0)
/\ currentTerm = (s1 :> 2 @@ s2 :> 2 @@ s3 :> 1)
/\ nextIndex = ( s1 :> (s1 :> 1 @@ s2 :> 1 @@ s3 :> 1) @@
  s2 :> (s1 :> 1 @@ s2 :> 1 @@ s3 :> 1) @@
  s3 :> (s1 :> 1 @@ s2 :> 1 @@ s3 :> 1) )
/\ votesGranted = (s1 :> {s1} @@ s2 :> {} @@ s3 :> {})
/\ scr = [lock |-> Nil]
/\ votedFor = (s1 :> s1 @@ s2 :> Nil @@ s3 :> Nil)

@!@!@ENDMSG 2217 @!@!@
@!@!@STARTMSG 2217:4 @!@!@
6: <DoHandleRequestVoteResponse line 575, col 36 to line 576, col 80 of module new_raft>
/\ elections = {}
/\ messages = { [ type |-> RequestVoteRequest,
    from |-> s1,
    to |-> s3,
    body |->
        [term |-> 2, candidate |-> s1, lastLogIdx |-> 0, lastLogTerm |-> 0] ] }
/\ matchIndex = ( s1 :> (s1 :> 0 @@ s2 :> 0 @@ s3 :> 0) @@
  s2 :> (s1 :> 0 @@ s2 :> 0 @@ s3 :> 0) @@
  s3 :> (s1 :> 0 @@ s2 :> 0 @@ s3 :> 0) )
/\ log = (s1 :> <<>> @@ s2 :> <<>> @@ s3 :> <<>>)
/\ pc = <<"HandleRequestVoteResponse: promote", s1, s2>>
/\ state = (s1 :> Leader @@ s2 :> Follower @@ s3 :> Follower)
/\ commitIndex = (s1 :> 0 @@ s2 :> 0 @@ s3 :> 0)
/\ currentTerm = (s1 :> 2 @@ s2 :> 2 @@ s3 :> 1)
/\ nextIndex = ( s1 :> (s1 :> 1 @@ s2 :> 1 @@ s3 :> 1) @@
  s2 :> (s1 :> 1 @@ s2 :> 1 @@ s3 :> 1) @@
  s3 :> (s1 :> 1 @@ s2 :> 1 @@ s3 :> 1) )
/\ votesGranted = (s1 :> {s1, s2} @@ s2 :> {} @@ s3 :> {})
/\ scr = [lock |-> Nil]
/\ votedFor = (s1 :> s1 @@ s2 :> Nil @@ s3 :> Nil)

@!@!@ENDMSG 2217 @!@!@
@!@!@STARTMSG 2217:4 @!@!@
7: <DoTimeout line 581, col 36 to line 582, col 46 of module new_raft>
/\ elections = {}
/\ messages = { [ type |-> RequestVoteRequest,
    from |-> s1,
    to |-> s3,
    body |->
        [term |-> 2, candidate |-> s1, lastLogIdx |-> 0, lastLogTerm |-> 0] ] }
/\ matchIndex = ( s1 :> (s1 :> 0 @@ s2 :> 0 @@ s3 :> 0) @@
  s2 :> (s1 :> 0 @@ s2 :> 0 @@ s3 :> 0) @@
  s3 :> (s1 :> 0 @@ s2 :> 0 @@ s3 :> 0) )
/\ log = (s1 :> <<>> @@ s2 :> <<>> @@ s3 :> <<>>)
/\ pc = <<"Timeout: election", s3>>
/\ state = (s1 :> Leader @@ s2 :> Follower @@ s3 :> Candidate)
/\ commitIndex = (s1 :> 0 @@ s2 :> 0 @@ s3 :> 0)
/\ currentTerm = (s1 :> 2 @@ s2 :> 2 @@ s3 :> 2)
/\ nextIndex = ( s1 :> (s1 :> 1 @@ s2 :> 1 @@ s3 :> 1) @@
  s2 :> (s1 :> 1 @@ s2 :> 1 @@ s3 :> 1) @@
  s3 :> (s1 :> 1 @@ s2 :> 1 @@ s3 :> 1) )
/\ votesGranted = (s1 :> {s1, s2} @@ s2 :> {} @@ s3 :> {s3})
/\ scr = [ lock |->
      [ type |-> RequestVoteRequest,
        args |-> {[from |-> s3, to |-> s1], [from |-> s3, to |-> s2]} ] ]
/\ votedFor = (s1 :> s1 @@ s2 :> Nil @@ s3 :> s3)

@!@!@ENDMSG 2217 @!@!@
@!@!@STARTMSG 2217:4 @!@!@
8: <DoLoop line 590, col 11 to line 607, col 41 of module new_raft>
/\ elections = {}
/\ messages = { [ type |-> RequestVoteRequest,
    from |-> s1,
    to |-> s3,
    body |->
        [term |-> 2, candidate |-> s1, lastLogIdx |-> 0, lastLogTerm |-> 0] ],
  [ type |-> RequestVoteRequest,
    from |-> s3,
    to |-> s1,
    body |->
        [term |-> 2, candidate |-> s3, lastLogIdx |-> 0, lastLogTerm |-> 0] ] }
/\ matchIndex = ( s1 :> (s1 :> 0 @@ s2 :> 0 @@ s3 :> 0) @@
  s2 :> (s1 :> 0 @@ s2 :> 0 @@ s3 :> 0) @@
  s3 :> (s1 :> 0 @@ s2 :> 0 @@ s3 :> 0) )
/\ log = (s1 :> <<>> @@ s2 :> <<>> @@ s3 :> <<>>)
/\ pc = <<"DoLoop: RequestVote", s3, s1>>
/\ state = (s1 :> Leader @@ s2 :> Follower @@ s3 :> Candidate)
/\ commitIndex = (s1 :> 0 @@ s2 :> 0 @@ s3 :> 0)
/\ currentTerm = (s1 :> 2 @@ s2 :> 2 @@ s3 :> 2)
/\ nextIndex = ( s1 :> (s1 :> 1 @@ s2 :> 1 @@ s3 :> 1) @@
  s2 :> (s1 :> 1 @@ s2 :> 1 @@ s3 :> 1) @@
  s3 :> (s1 :> 1 @@ s2 :> 1 @@ s3 :> 1) )
/\ votesGranted = (s1 :> {s1, s2} @@ s2 :> {} @@ s3 :> {s3})
/\ scr = [lock |-> [type |-> RequestVoteRequest, args |-> {[from |-> s3, to |-> s2]}]]
/\ votedFor = (s1 :> s1 @@ s2 :> Nil @@ s3 :> s3)

@!@!@ENDMSG 2217 @!@!@
@!@!@STARTMSG 2217:4 @!@!@
9: <DoLoop line 590, col 11 to line 607, col 41 of module new_raft>
/\ elections = {}
/\ messages = { [ type |-> RequestVoteRequest,
    from |-> s1,
    to |-> s3,
    body |->
        [term |-> 2, candidate |-> s1, lastLogIdx |-> 0, lastLogTerm |-> 0] ],
  [ type |-> RequestVoteRequest,
    from |-> s3,
    to |-> s1,
    body |->
        [term |-> 2, candidate |-> s3, lastLogIdx |-> 0, lastLogTerm |-> 0] ],
  [ type |-> RequestVoteRequest,
    from |-> s3,
    to |-> s2,
    body |->
        [term |-> 2, candidate |-> s3, lastLogIdx |-> 0, lastLogTerm |-> 0] ] }
/\ matchIndex = ( s1 :> (s1 :> 0 @@ s2 :> 0 @@ s3 :> 0) @@
  s2 :> (s1 :> 0 @@ s2 :> 0 @@ s3 :> 0) @@
  s3 :> (s1 :> 0 @@ s2 :> 0 @@ s3 :> 0) )
/\ log = (s1 :> <<>> @@ s2 :> <<>> @@ s3 :> <<>>)
/\ pc = <<"DoLoop: RequestVote", s3, s2>>
/\ state = (s1 :> Leader @@ s2 :> Follower @@ s3 :> Candidate)
/\ commitIndex = (s1 :> 0 @@ s2 :> 0 @@ s3 :> 0)
/\ currentTerm = (s1 :> 2 @@ s2 :> 2 @@ s3 :> 2)
/\ nextIndex = ( s1 :> (s1 :> 1 @@ s2 :> 1 @@ s3 :> 1) @@
  s2 :> (s1 :> 1 @@ s2 :> 1 @@ s3 :> 1) @@
  s3 :> (s1 :> 1 @@ s2 :> 1 @@ s3 :> 1) )
/\ votesGranted = (s1 :> {s1, s2} @@ s2 :> {} @@ s3 :> {s3})
/\ scr = [lock |-> Nil]
/\ votedFor = (s1 :> s1 @@ s2 :> Nil @@ s3 :> s3)

@!@!@ENDMSG 2217 @!@!@
@!@!@STARTMSG 2217:4 @!@!@
10: <DoHandleRequestVoteRequest line 573, col 36 to line 574, col 80 of module new_raft>
/\ elections = {}
/\ messages = { [ type |-> RequestVoteResponse,
    from |-> s2,
    to |-> s3,
    body |-> [term |-> 2, voteGranted |-> TRUE] ],
  [ type |-> RequestVoteRequest,
    from |-> s1,
    to |-> s3,
    body |->
        [term |-> 2, candidate |-> s1, lastLogIdx |-> 0, lastLogTerm |-> 0] ],
  [ type |-> RequestVoteRequest,
    from |-> s3,
    to |-> s1,
    body |->
        [term |-> 2, candidate |-> s3, lastLogIdx |-> 0, lastLogTerm |-> 0] ] }
/\ matchIndex = ( s1 :> (s1 :> 0 @@ s2 :> 0 @@ s3 :> 0) @@
  s2 :> (s1 :> 0 @@ s2 :> 0 @@ s3 :> 0) @@
  s3 :> (s1 :> 0 @@ s2 :> 0 @@ s3 :> 0) )
/\ log = (s1 :> <<>> @@ s2 :> <<>> @@ s3 :> <<>>)
/\ pc = <<"HandleRequestVoteRequest: granted", s2, s3>>
/\ state = (s1 :> Leader @@ s2 :> Follower @@ s3 :> Candidate)
/\ commitIndex = (s1 :> 0 @@ s2 :> 0 @@ s3 :> 0)
/\ currentTerm = (s1 :> 2 @@ s2 :> 2 @@ s3 :> 2)
/\ nextIndex = ( s1 :> (s1 :> 1 @@ s2 :> 1 @@ s3 :> 1) @@
  s2 :> (s1 :> 1 @@ s2 :> 1 @@ s3 :> 1) @@
  s3 :> (s1 :> 1 @@ s2 :> 1 @@ s3 :> 1) )
/\ votesGranted = (s1 :> {s1, s2} @@ s2 :> {} @@ s3 :> {s3})
/\ scr = [lock |-> Nil]
/\ votedFor = (s1 :> s1 @@ s2 :> Nil @@ s3 :> s3)

@!@!@ENDMSG 2217 @!@!@
@!@!@STARTMSG 2217:4 @!@!@
11: <DoHandleRequestVoteResponse line 575, col 36 to line 576, col 80 of module new_raft>
/\ elections = {}
/\ messages = { [ type |-> RequestVoteRequest,
    from |-> s1,
    to |-> s3,
    body |->
        [term |-> 2, candidate |-> s1, lastLogIdx |-> 0, lastLogTerm |-> 0] ],
  [ type |-> RequestVoteRequest,
    from |-> s3,
    to |-> s1,
    body |->
        [term |-> 2, candidate |-> s3, lastLogIdx |-> 0, lastLogTerm |-> 0] ] }
/\ matchIndex = ( s1 :> (s1 :> 0 @@ s2 :> 0 @@ s3 :> 0) @@
  s2 :> (s1 :> 0 @@ s2 :> 0 @@ s3 :> 0) @@
  s3 :> (s1 :> 0 @@ s2 :> 0 @@ s3 :> 0) )
/\ log = (s1 :> <<>> @@ s2 :> <<>> @@ s3 :> <<>>)
/\ pc = <<"HandleRequestVoteResponse: promote", s3, s2>>
/\ state = (s1 :> Leader @@ s2 :> Follower @@ s3 :> Leader)
/\ commitIndex = (s1 :> 0 @@ s2 :> 0 @@ s3 :> 0)
/\ currentTerm = (s1 :> 2 @@ s2 :> 2 @@ s3 :> 2)
/\ nextIndex = ( s1 :> (s1 :> 1 @@ s2 :> 1 @@ s3 :> 1) @@
  s2 :> (s1 :> 1 @@ s2 :> 1 @@ s3 :> 1) @@
  s3 :> (s1 :> 1 @@ s2 :> 1 @@ s3 :> 1) )
/\ votesGranted = (s1 :> {s1, s2} @@ s2 :> {} @@ s3 :> {s2, s3})
/\ scr = [lock |-> Nil]
/\ votedFor = (s1 :> s1 @@ s2 :> Nil @@ s3 :> s3)

@!@!@ENDMSG 2217 @!@!@
@!@!@STARTMSG 2201:0 @!@!@
The coverage statistics at 2022-03-27 10:42:51
@!@!@ENDMSG 2201 @!@!@
@!@!@STARTMSG 2773:0 @!@!@
<Init line 232, col 1 to line 232, col 4 of module new_raft>: 2:2
@!@!@ENDMSG 2773 @!@!@
@!@!@STARTMSG 2221:0 @!@!@
  line 232, col 9 to line 239, col 19 of module new_raft: 2
@!@!@ENDMSG 2221 @!@!@
@!@!@STARTMSG 2772:0 @!@!@
<DoHandleAppendEntriesRequest line 569, col 1 to line 569, col 28 of module new_raft>: 27:54
@!@!@ENDMSG 2772 @!@!@
@!@!@STARTMSG 2221:0 @!@!@
  line 154, col 28 to line 154, col 42 of module new_raft: 888
@!@!@ENDMSG 2221 @!@!@
@!@!@STARTMSG 2221:0 @!@!@
  |line 154, col 28 to line 154, col 35 of module new_raft: 857
@!@!@ENDMSG 2221 @!@!@
@!@!@STARTMSG 2221:0 @!@!@
  |line 154, col 40 to line 154, col 42 of module new_raft: 857
@!@!@ENDMSG 2221 @!@!@
@!@!@STARTMSG 2221:0 @!@!@
  line 570, col 37 to line 570, col 65 of module new_raft: 1137
@!@!@ENDMSG 2221 @!@!@
@!@!@STARTMSG 2221:0 @!@!@
  |line 570, col 37 to line 570, col 42 of module new_raft: 1083
@!@!@ENDMSG 2221 @!@!@
@!@!@STARTMSG 2221:0 @!@!@
  |line 570, col 46 to line 570, col 65 of module new_raft: 1083
@!@!@ENDMSG 2221 @!@!@
@!@!@STARTMSG 2221:0 @!@!@
  line 548, col 12 to line 548, col 28 of module new_raft: 54
@!@!@ENDMSG 2221 @!@!@
@!@!@STARTMSG 2221:0 @!@!@
  line 549, col 17 to line 549, col 40 of module new_raft: 54
@!@!@ENDMSG 2221 @!@!@
@!@!@STARTMSG 2221:0 @!@!@
  line 326, col 16 to line 326, col 38 of module new_raft: 54
@!@!@ENDMSG 2221 @!@!@
@!@!@STARTMSG 2221:0 @!@!@
  line 327, col 21 to line 327, col 53 of module new_raft: 0
@!@!@ENDMSG 2221 @!@!@
@!@!@STARTMSG 2221:0 @!@!@
  line 138, col 5 to line 138, col 72 of module new_raft: 0
@!@!@ENDMSG 2221 @!@!@
@!@!@STARTMSG 2221:0 @!@!@
  line 329, col 21 to line 330, col 32 of module new_raft: 0
@!@!@ENDMSG 2221 @!@!@
@!@!@STARTMSG 2221:0 @!@!@
  line 257, col 8 to line 258, col 72 of module new_raft: 54
@!@!@ENDMSG 2221 @!@!@
@!@!@STARTMSG 2221:0 @!@!@
  |line 257, col 23 to line 258, col 72 of module new_raft: 54
@!@!@ENDMSG 2221 @!@!@
@!@!@STARTMSG 2221:0 @!@!@
  ||line 257, col 25 to line 257, col 29 of module new_raft: 54
@!@!@ENDMSG 2221 @!@!@
@!@!@STARTMSG 2221:0 @!@!@
  ||line 257, col 44 to line 258, col 70 of module new_raft: 54
@!@!@ENDMSG 2221 @!@!@
@!@!@STARTMSG 2221:0 @!@!@
  ||line 257, col 51 to line 258, col 70 of module new_raft: 54
@!@!@ENDMSG 2221 @!@!@
@!@!@STARTMSG 2221:0 @!@!@
  |||line 257, col 54 to line 257, col 74 of module new_raft: 54
@!@!@ENDMSG 2221 @!@!@
@!@!@STARTMSG 2221:0 @!@!@
  |||line 258, col 56 to line 258, col 63 of module new_raft: 12
@!@!@ENDMSG 2221 @!@!@
@!@!@STARTMSG 2221:0 @!@!@
  line 259, col 8 to line 260, col 72 of module new_raft: 54
@!@!@ENDMSG 2221 @!@!@
@!@!@STARTMSG 2221:0 @!@!@
  |line 259, col 23 to line 260, col 72 of module new_raft: 54
@!@!@ENDMSG 2221 @!@!@
@!@!@STARTMSG 2221:0 @!@!@
  ||line 259, col 25 to line 259, col 35 of module new_raft: 54
@!@!@ENDMSG 2221 @!@!@
@!@!@STARTMSG 2221:0 @!@!@
  ||line 259, col 44 to line 260, col 70 of module new_raft: 54
@!@!@ENDMSG 2221 @!@!@
@!@!@STARTMSG 2221:0 @!@!@
  ||line 259, col 51 to line 260, col 70 of module new_raft: 54
@!@!@ENDMSG 2221 @!@!@
@!@!@STARTMSG 2221:0 @!@!@
  |||line 259, col 54 to line 259, col 74 of module new_raft: 54
@!@!@ENDMSG 2221 @!@!@
@!@!@STARTMSG 2221:0 @!@!@
  |||line 260, col 56 to line 260, col 59 of module new_raft: 12
@!@!@ENDMSG 2221 @!@!@
@!@!@STARTMSG 2221:0 @!@!@
  line 261, col 8 to line 262, col 72 of module new_raft: 54
@!@!@ENDMSG 2221 @!@!@
@!@!@STARTMSG 2221:0 @!@!@
  |line 261, col 20 to line 262, col 72 of module new_raft: 54
@!@!@ENDMSG 2221 @!@!@
@!@!@STARTMSG 2221:0 @!@!@
  ||line 261, col 22 to line 261, col 29 of module new_raft: 54
@!@!@ENDMSG 2221 @!@!@
@!@!@STARTMSG 2221:0 @!@!@
  ||line 261, col 39 to line 262, col 70 of module new_raft: 54
@!@!@ENDMSG 2221 @!@!@
@!@!@STARTMSG 2221:0 @!@!@
  ||line 261, col 46 to line 262, col 70 of module new_raft: 54
@!@!@ENDMSG 2221 @!@!@
@!@!@STARTMSG 2221:0 @!@!@
  |||line 261, col 49 to line 261, col 69 of module new_raft: 54
@!@!@ENDMSG 2221 @!@!@
@!@!@STARTMSG 2221:0 @!@!@
  |||line 262, col 56 to line 262, col 58 of module new_raft: 12
@!@!@ENDMSG 2221 @!@!@
@!@!@STARTMSG 2221:0 @!@!@
  line 331, col 36 to line 331, col 36 of module new_raft: 54
@!@!@ENDMSG 2221 @!@!@
@!@!@STARTMSG 2221:0 @!@!@
  line 331, col 39 to line 331, col 44 of module new_raft: 54
@!@!@ENDMSG 2221 @!@!@
@!@!@STARTMSG 2221:0 @!@!@
  line 332, col 24 to line 332, col 51 of module new_raft: 54
@!@!@ENDMSG 2221 @!@!@
@!@!@STARTMSG 2221:0 @!@!@
  line 333, col 29 to line 333, col 49 of module new_raft: 0
@!@!@ENDMSG 2221 @!@!@
@!@!@STARTMSG 2221:0 @!@!@
  line 138, col 5 to line 138, col 72 of module new_raft: 0
@!@!@ENDMSG 2221 @!@!@
@!@!@STARTMSG 2221:0 @!@!@
  line 335, col 29 to line 336, col 32 of module new_raft: 0
@!@!@ENDMSG 2221 @!@!@
@!@!@STARTMSG 2221:0 @!@!@
  line 337, col 29 to line 339, col 75 of module new_raft: 54
@!@!@ENDMSG 2221 @!@!@
@!@!@STARTMSG 2221:0 @!@!@
  line 341, col 36 to line 341, col 56 of module new_raft: 0
@!@!@ENDMSG 2221 @!@!@
@!@!@STARTMSG 2221:0 @!@!@
  line 138, col 5 to line 138, col 72 of module new_raft: 0
@!@!@ENDMSG 2221 @!@!@
@!@!@STARTMSG 2221:0 @!@!@
  line 346, col 36 to line 347, col 46 of module new_raft: 0
@!@!@ENDMSG 2221 @!@!@
@!@!@STARTMSG 2221:0 @!@!@
  line 348, col 37 to line 348, col 54 of module new_raft: 54
@!@!@ENDMSG 2221 @!@!@
@!@!@STARTMSG 2221:0 @!@!@
  line 349, col 39 to line 349, col 55 of module new_raft: 50
@!@!@ENDMSG 2221 @!@!@
@!@!@STARTMSG 2221:0 @!@!@
  line 354, col 42 to line 354, col 75 of module new_raft: 4
@!@!@ENDMSG 2221 @!@!@
@!@!@STARTMSG 2221:0 @!@!@
  line 359, col 34 to line 363, col 78 of module new_raft: 54
@!@!@ENDMSG 2221 @!@!@
@!@!@STARTMSG 2221:0 @!@!@
  line 364, col 34 to line 364, col 65 of module new_raft: 54
@!@!@ENDMSG 2221 @!@!@
@!@!@STARTMSG 2221:0 @!@!@
  line 365, col 34 to line 366, col 45 of module new_raft: 54
@!@!@ENDMSG 2221 @!@!@
@!@!@STARTMSG 2221:0 @!@!@
  line 367, col 12 to line 367, col 55 of module new_raft: 54
@!@!@ENDMSG 2221 @!@!@
@!@!@STARTMSG 2221:0 @!@!@
  line 549, col 74 to line 549, col 74 of module new_raft: 54
@!@!@ENDMSG 2221 @!@!@
@!@!@STARTMSG 2221:0 @!@!@
  line 549, col 77 to line 549, col 77 of module new_raft: 54
@!@!@ENDMSG 2221 @!@!@
@!@!@STARTMSG 2221:0 @!@!@
  line 549, col 80 to line 549, col 80 of module new_raft: 54
@!@!@ENDMSG 2221 @!@!@
@!@!@STARTMSG 2221:0 @!@!@
  line 392, col 16 to line 392, col 75 of module new_raft: 0
@!@!@ENDMSG 2221 @!@!@
@!@!@STARTMSG 2221:0 @!@!@
  line 134, col 15 to line 134, col 53 of module new_raft: 0
@!@!@ENDMSG 2221 @!@!@
@!@!@STARTMSG 2221:0 @!@!@
  line 394, col 16 to line 394, col 73 of module new_raft: 0
@!@!@ENDMSG 2221 @!@!@
@!@!@STARTMSG 2221:0 @!@!@
  line 396, col 21 to line 396, col 68 of module new_raft: 0
@!@!@ENDMSG 2221 @!@!@
@!@!@STARTMSG 2221:0 @!@!@
  line 134, col 15 to line 134, col 53 of module new_raft: 0
@!@!@ENDMSG 2221 @!@!@
@!@!@STARTMSG 2221:0 @!@!@
  line 257, col 8 to line 258, col 72 of module new_raft: 0
@!@!@ENDMSG 2221 @!@!@
@!@!@STARTMSG 2221:0 @!@!@
  line 259, col 8 to line 260, col 72 of module new_raft: 0
@!@!@ENDMSG 2221 @!@!@
@!@!@STARTMSG 2221:0 @!@!@
  line 261, col 8 to line 262, col 72 of module new_raft: 0
@!@!@ENDMSG 2221 @!@!@
@!@!@STARTMSG 2221:0 @!@!@
  line 399, col 21 to line 400, col 32 of module new_raft: 0
@!@!@ENDMSG 2221 @!@!@
@!@!@STARTMSG 2221:0 @!@!@
  line 134, col 15 to line 134, col 53 of module new_raft: 0
@!@!@ENDMSG 2221 @!@!@
@!@!@STARTMSG 2221:0 @!@!@
  line 403, col 26 to line 404, col 38 of module new_raft: 0
@!@!@ENDMSG 2221 @!@!@
@!@!@STARTMSG 2221:0 @!@!@
  line 405, col 26 to line 405, col 85 of module new_raft: 0
@!@!@ENDMSG 2221 @!@!@
@!@!@STARTMSG 2221:0 @!@!@
  line 407, col 31 to line 408, col 62 of module new_raft: 0
@!@!@ENDMSG 2221 @!@!@
@!@!@STARTMSG 2221:0 @!@!@
  line 409, col 31 to line 409, col 84 of module new_raft: 0
@!@!@ENDMSG 2221 @!@!@
@!@!@STARTMSG 2221:0 @!@!@
  line 138, col 5 to line 138, col 72 of module new_raft: 0
@!@!@ENDMSG 2221 @!@!@
@!@!@STARTMSG 2221:0 @!@!@
  line 411, col 31 to line 411, col 95 of module new_raft: 0
@!@!@ENDMSG 2221 @!@!@
@!@!@STARTMSG 2221:0 @!@!@
  line 412, col 31 to line 413, col 72 of module new_raft: 0
@!@!@ENDMSG 2221 @!@!@
@!@!@STARTMSG 2221:0 @!@!@
  line 414, col 31 to line 414, col 84 of module new_raft: 0
@!@!@ENDMSG 2221 @!@!@
@!@!@STARTMSG 2221:0 @!@!@
  line 415, col 31 to line 415, col 84 of module new_raft: 0
@!@!@ENDMSG 2221 @!@!@
@!@!@STARTMSG 2221:0 @!@!@
  line 375, col 8 to line 375, col 79 of module new_raft: 0
@!@!@ENDMSG 2221 @!@!@
@!@!@STARTMSG 2221:0 @!@!@
  line 417, col 31 to line 418, col 48 of module new_raft: 0
@!@!@ENDMSG 2221 @!@!@
@!@!@STARTMSG 2221:0 @!@!@
  line 477, col 16 to line 477, col 75 of module new_raft: 0
@!@!@ENDMSG 2221 @!@!@
@!@!@STARTMSG 2221:0 @!@!@
  line 138, col 5 to line 138, col 72 of module new_raft: 0
@!@!@ENDMSG 2221 @!@!@
@!@!@STARTMSG 2221:0 @!@!@
  line 479, col 16 to line 480, col 36 of module new_raft: 0
@!@!@ENDMSG 2221 @!@!@
@!@!@STARTMSG 2221:0 @!@!@
  line 482, col 21 to line 482, col 80 of module new_raft: 0
@!@!@ENDMSG 2221 @!@!@
@!@!@STARTMSG 2221:0 @!@!@
  line 134, col 15 to line 134, col 53 of module new_raft: 0
@!@!@ENDMSG 2221 @!@!@
@!@!@STARTMSG 2221:0 @!@!@
  line 484, col 21 to line 485, col 38 of module new_raft: 0
@!@!@ENDMSG 2221 @!@!@
@!@!@STARTMSG 2221:0 @!@!@
  line 487, col 28 to line 487, col 80 of module new_raft: 0
@!@!@ENDMSG 2221 @!@!@
@!@!@STARTMSG 2221:0 @!@!@
  line 488, col 28 to line 488, col 80 of module new_raft: 0
@!@!@ENDMSG 2221 @!@!@
@!@!@STARTMSG 2221:0 @!@!@
  line 489, col 28 to line 489, col 81 of module new_raft: 0
@!@!@ENDMSG 2221 @!@!@
@!@!@STARTMSG 2221:0 @!@!@
  line 490, col 28 to line 491, col 72 of module new_raft: 0
@!@!@ENDMSG 2221 @!@!@
@!@!@STARTMSG 2221:0 @!@!@
  line 138, col 5 to line 138, col 72 of module new_raft: 0
@!@!@ENDMSG 2221 @!@!@
@!@!@STARTMSG 2221:0 @!@!@
  line 493, col 28 to line 494, col 41 of module new_raft: 0
@!@!@ENDMSG 2221 @!@!@
@!@!@STARTMSG 2221:0 @!@!@
  line 496, col 32 to line 496, col 104 of module new_raft: 0
@!@!@ENDMSG 2221 @!@!@
@!@!@STARTMSG 2221:0 @!@!@
  line 497, col 32 to line 498, col 72 of module new_raft: 0
@!@!@ENDMSG 2221 @!@!@
@!@!@STARTMSG 2221:0 @!@!@
  line 138, col 5 to line 138, col 72 of module new_raft: 0
@!@!@ENDMSG 2221 @!@!@
@!@!@STARTMSG 2221:0 @!@!@
  line 500, col 32 to line 501, col 41 of module new_raft: 0
@!@!@ENDMSG 2221 @!@!@
@!@!@STARTMSG 2221:0 @!@!@
  line 502, col 31 to line 502, col 48 of module new_raft: 0
@!@!@ENDMSG 2221 @!@!@
@!@!@STARTMSG 2221:0 @!@!@
  line 134, col 15 to line 134, col 53 of module new_raft: 0
@!@!@ENDMSG 2221 @!@!@
@!@!@STARTMSG 2221:0 @!@!@
  line 514, col 19 to line 514, col 82 of module new_raft: 0
@!@!@ENDMSG 2221 @!@!@
@!@!@STARTMSG 2221:0 @!@!@
  line 515, col 19 to line 520, col 28 of module new_raft: 0
@!@!@ENDMSG 2221 @!@!@
@!@!@STARTMSG 2221:0 @!@!@
  line 522, col 24 to line 522, col 71 of module new_raft: 0
@!@!@ENDMSG 2221 @!@!@
@!@!@STARTMSG 2221:0 @!@!@
  line 257, col 8 to line 258, col 72 of module new_raft: 0
@!@!@ENDMSG 2221 @!@!@
@!@!@STARTMSG 2221:0 @!@!@
  line 259, col 8 to line 260, col 72 of module new_raft: 0
@!@!@ENDMSG 2221 @!@!@
@!@!@STARTMSG 2221:0 @!@!@
  line 261, col 8 to line 262, col 72 of module new_raft: 0
@!@!@ENDMSG 2221 @!@!@
@!@!@STARTMSG 2221:0 @!@!@
  line 524, col 24 to line 525, col 40 of module new_raft: 0
@!@!@ENDMSG 2221 @!@!@
@!@!@STARTMSG 2221:0 @!@!@
  line 526, col 24 to line 527, col 57 of module new_raft: 0
@!@!@ENDMSG 2221 @!@!@
@!@!@STARTMSG 2221:0 @!@!@
  line 529, col 32 to line 529, col 86 of module new_raft: 0
@!@!@ENDMSG 2221 @!@!@
@!@!@STARTMSG 2221:0 @!@!@
  line 266, col 8 to line 266, col 52 of module new_raft: 0
@!@!@ENDMSG 2221 @!@!@
@!@!@STARTMSG 2221:0 @!@!@
  line 267, col 8 to line 268, col 81 of module new_raft: 0
@!@!@ENDMSG 2221 @!@!@
@!@!@STARTMSG 2221:0 @!@!@
  line 269, col 8 to line 269, col 71 of module new_raft: 0
@!@!@ENDMSG 2221 @!@!@
@!@!@STARTMSG 2221:0 @!@!@
  line 532, col 32 to line 533, col 46 of module new_raft: 0
@!@!@ENDMSG 2221 @!@!@
@!@!@STARTMSG 2221:0 @!@!@
  line 534, col 32 to line 534, col 76 of module new_raft: 0
@!@!@ENDMSG 2221 @!@!@
@!@!@STARTMSG 2221:0 @!@!@
  line 535, col 32 to line 536, col 48 of module new_raft: 0
@!@!@ENDMSG 2221 @!@!@
@!@!@STARTMSG 2221:0 @!@!@
  line 554, col 12 to line 554, col 42 of module new_raft: 54
@!@!@ENDMSG 2221 @!@!@
@!@!@STARTMSG 2221:0 @!@!@
  line 570, col 79 to line 570, col 79 of module new_raft: 54
@!@!@ENDMSG 2221 @!@!@
@!@!@STARTMSG 2221:0 @!@!@
  line 569, col 61 to line 569, col 68 of module new_raft: 574
@!@!@ENDMSG 2221 @!@!@
@!@!@STARTMSG 2772:0 @!@!@
<DoHandleAppendEntriesResponse line 571, col 1 to line 571, col 29 of module new_raft>: 4:4
@!@!@ENDMSG 2772 @!@!@
@!@!@STARTMSG 2221:0 @!@!@
  line 154, col 28 to line 154, col 42 of module new_raft: 861
@!@!@ENDMSG 2221 @!@!@
@!@!@STARTMSG 2221:0 @!@!@
  |line 154, col 28 to line 154, col 35 of module new_raft: 857
@!@!@ENDMSG 2221 @!@!@
@!@!@STARTMSG 2221:0 @!@!@
  |line 154, col 40 to line 154, col 42 of module new_raft: 857
@!@!@ENDMSG 2221 @!@!@
@!@!@STARTMSG 2221:0 @!@!@
  line 572, col 37 to line 572, col 66 of module new_raft: 1087
@!@!@ENDMSG 2221 @!@!@
@!@!@STARTMSG 2221:0 @!@!@
  |line 572, col 37 to line 572, col 42 of module new_raft: 1083
@!@!@ENDMSG 2221 @!@!@
@!@!@STARTMSG 2221:0 @!@!@
  |line 572, col 46 to line 572, col 66 of module new_raft: 1083
@!@!@ENDMSG 2221 @!@!@
@!@!@STARTMSG 2221:0 @!@!@
  line 548, col 12 to line 548, col 28 of module new_raft: 4
@!@!@ENDMSG 2221 @!@!@
@!@!@STARTMSG 2221:0 @!@!@
  line 549, col 17 to line 549, col 40 of module new_raft: 4
@!@!@ENDMSG 2221 @!@!@
@!@!@STARTMSG 2221:0 @!@!@
  line 327, col 21 to line 327, col 53 of module new_raft: 0
@!@!@ENDMSG 2221 @!@!@
@!@!@STARTMSG 2221:0 @!@!@
  line 138, col 5 to line 138, col 72 of module new_raft: 0
@!@!@ENDMSG 2221 @!@!@
@!@!@STARTMSG 2221:0 @!@!@
  line 329, col 21 to line 330, col 32 of module new_raft: 0
@!@!@ENDMSG 2221 @!@!@
@!@!@STARTMSG 2221:0 @!@!@
  line 257, col 8 to line 258, col 72 of module new_raft: 0
@!@!@ENDMSG 2221 @!@!@
@!@!@STARTMSG 2221:0 @!@!@
  line 259, col 8 to line 260, col 72 of module new_raft: 0
@!@!@ENDMSG 2221 @!@!@
@!@!@STARTMSG 2221:0 @!@!@
  line 261, col 8 to line 262, col 72 of module new_raft: 0
@!@!@ENDMSG 2221 @!@!@
@!@!@STARTMSG 2221:0 @!@!@
  line 333, col 29 to line 333, col 49 of module new_raft: 0
@!@!@ENDMSG 2221 @!@!@
@!@!@STARTMSG 2221:0 @!@!@
  line 138, col 5 to line 138, col 72 of module new_raft: 0
@!@!@ENDMSG 2221 @!@!@
@!@!@STARTMSG 2221:0 @!@!@
  line 335, col 29 to line 336, col 32 of module new_raft: 0
@!@!@ENDMSG 2221 @!@!@
@!@!@STARTMSG 2221:0 @!@!@
  line 341, col 36 to line 341, col 56 of module new_raft: 0
@!@!@ENDMSG 2221 @!@!@
@!@!@STARTMSG 2221:0 @!@!@
  line 138, col 5 to line 138, col 72 of module new_raft: 0
@!@!@ENDMSG 2221 @!@!@
@!@!@STARTMSG 2221:0 @!@!@
  line 346, col 36 to line 347, col 46 of module new_raft: 0
@!@!@ENDMSG 2221 @!@!@
@!@!@STARTMSG 2221:0 @!@!@
  line 349, col 39 to line 349, col 55 of module new_raft: 0
@!@!@ENDMSG 2221 @!@!@
@!@!@STARTMSG 2221:0 @!@!@
  line 354, col 45 to line 354, col 75 of module new_raft: 0
@!@!@ENDMSG 2221 @!@!@
@!@!@STARTMSG 2221:0 @!@!@
  line 359, col 34 to line 363, col 78 of module new_raft: 0
@!@!@ENDMSG 2221 @!@!@
@!@!@STARTMSG 2221:0 @!@!@
  line 138, col 5 to line 138, col 72 of module new_raft: 0
@!@!@ENDMSG 2221 @!@!@
@!@!@STARTMSG 2221:0 @!@!@
  line 365, col 34 to line 366, col 45 of module new_raft: 0
@!@!@ENDMSG 2221 @!@!@
@!@!@STARTMSG 2221:0 @!@!@
  line 367, col 12 to line 367, col 55 of module new_raft: 0
@!@!@ENDMSG 2221 @!@!@
@!@!@STARTMSG 2221:0 @!@!@
  line 550, col 16 to line 550, col 40 of module new_raft: 4
@!@!@ENDMSG 2221 @!@!@
@!@!@STARTMSG 2221:0 @!@!@
  line 391, col 11 to line 391, col 20 of module new_raft: 4
@!@!@ENDMSG 2221 @!@!@
@!@!@STARTMSG 2221:0 @!@!@
  line 392, col 16 to line 392, col 75 of module new_raft: 0
@!@!@ENDMSG 2221 @!@!@
@!@!@STARTMSG 2221:0 @!@!@
  line 134, col 15 to line 134, col 53 of module new_raft: 0
@!@!@ENDMSG 2221 @!@!@
@!@!@STARTMSG 2221:0 @!@!@
  line 394, col 16 to line 394, col 73 of module new_raft: 0
@!@!@ENDMSG 2221 @!@!@
@!@!@STARTMSG 2221:0 @!@!@
  line 395, col 16 to line 395, col 21 of module new_raft: 4
@!@!@ENDMSG 2221 @!@!@
@!@!@STARTMSG 2221:0 @!@!@
  line 396, col 21 to line 396, col 68 of module new_raft: 0
@!@!@ENDMSG 2221 @!@!@
@!@!@STARTMSG 2221:0 @!@!@
  line 134, col 15 to line 134, col 53 of module new_raft: 0
@!@!@ENDMSG 2221 @!@!@
@!@!@STARTMSG 2221:0 @!@!@
  line 257, col 8 to line 258, col 72 of module new_raft: 0
@!@!@ENDMSG 2221 @!@!@
@!@!@STARTMSG 2221:0 @!@!@
  line 259, col 8 to line 260, col 72 of module new_raft: 0
@!@!@ENDMSG 2221 @!@!@
@!@!@STARTMSG 2221:0 @!@!@
  line 261, col 8 to line 262, col 72 of module new_raft: 0
@!@!@ENDMSG 2221 @!@!@
@!@!@STARTMSG 2221:0 @!@!@
  line 399, col 21 to line 400, col 32 of module new_raft: 0
@!@!@ENDMSG 2221 @!@!@
@!@!@STARTMSG 2221:0 @!@!@
  line 401, col 21 to line 401, col 29 of module new_raft: 4
@!@!@ENDMSG 2221 @!@!@
@!@!@STARTMSG 2221:0 @!@!@
  line 134, col 15 to line 134, col 53 of module new_raft: 0
@!@!@ENDMSG 2221 @!@!@
@!@!@STARTMSG 2221:0 @!@!@
  line 403, col 26 to line 404, col 38 of module new_raft: 0
@!@!@ENDMSG 2221 @!@!@
@!@!@STARTMSG 2221:0 @!@!@
  line 405, col 26 to line 405, col 85 of module new_raft: 0
@!@!@ENDMSG 2221 @!@!@
@!@!@STARTMSG 2221:0 @!@!@
  line 406, col 26 to line 406, col 30 of module new_raft: 4
@!@!@ENDMSG 2221 @!@!@
@!@!@STARTMSG 2221:0 @!@!@
  line 407, col 31 to line 408, col 62 of module new_raft: 0
@!@!@ENDMSG 2221 @!@!@
@!@!@STARTMSG 2221:0 @!@!@
  line 409, col 31 to line 409, col 84 of module new_raft: 0
@!@!@ENDMSG 2221 @!@!@
@!@!@STARTMSG 2221:0 @!@!@
  line 138, col 5 to line 138, col 72 of module new_raft: 0
@!@!@ENDMSG 2221 @!@!@
@!@!@STARTMSG 2221:0 @!@!@
  line 411, col 31 to line 411, col 95 of module new_raft: 0
@!@!@ENDMSG 2221 @!@!@
@!@!@STARTMSG 2221:0 @!@!@
  line 412, col 31 to line 413, col 72 of module new_raft: 4
@!@!@ENDMSG 2221 @!@!@
@!@!@STARTMSG 2221:0 @!@!@
  line 414, col 31 to line 414, col 84 of module new_raft: 4
@!@!@ENDMSG 2221 @!@!@
@!@!@STARTMSG 2221:0 @!@!@
  line 415, col 31 to line 415, col 84 of module new_raft: 4
@!@!@ENDMSG 2221 @!@!@
@!@!@STARTMSG 2221:0 @!@!@
  line 416, col 31 to line 416, col 59 of module new_raft: 4
@!@!@ENDMSG 2221 @!@!@
@!@!@STARTMSG 2221:0 @!@!@
  line 417, col 31 to line 418, col 48 of module new_raft: 4
@!@!@ENDMSG 2221 @!@!@
@!@!@STARTMSG 2221:0 @!@!@
  line 550, col 73 to line 550, col 73 of module new_raft: 4
@!@!@ENDMSG 2221 @!@!@
@!@!@STARTMSG 2221:0 @!@!@
  line 550, col 76 to line 550, col 76 of module new_raft: 4
@!@!@ENDMSG 2221 @!@!@
@!@!@STARTMSG 2221:0 @!@!@
  line 550, col 79 to line 550, col 79 of module new_raft: 4
@!@!@ENDMSG 2221 @!@!@
@!@!@STARTMSG 2221:0 @!@!@
  line 477, col 16 to line 477, col 75 of module new_raft: 0
@!@!@ENDMSG 2221 @!@!@
@!@!@STARTMSG 2221:0 @!@!@
  line 138, col 5 to line 138, col 72 of module new_raft: 0
@!@!@ENDMSG 2221 @!@!@
@!@!@STARTMSG 2221:0 @!@!@
  line 479, col 16 to line 480, col 36 of module new_raft: 0
@!@!@ENDMSG 2221 @!@!@
@!@!@STARTMSG 2221:0 @!@!@
  line 482, col 21 to line 482, col 80 of module new_raft: 0
@!@!@ENDMSG 2221 @!@!@
@!@!@STARTMSG 2221:0 @!@!@
  line 134, col 15 to line 134, col 53 of module new_raft: 0
@!@!@ENDMSG 2221 @!@!@
@!@!@STARTMSG 2221:0 @!@!@
  line 484, col 21 to line 485, col 38 of module new_raft: 0
@!@!@ENDMSG 2221 @!@!@
@!@!@STARTMSG 2221:0 @!@!@
  line 487, col 28 to line 487, col 80 of module new_raft: 0
@!@!@ENDMSG 2221 @!@!@
@!@!@STARTMSG 2221:0 @!@!@
  line 488, col 28 to line 488, col 80 of module new_raft: 0
@!@!@ENDMSG 2221 @!@!@
@!@!@STARTMSG 2221:0 @!@!@
  line 489, col 28 to line 489, col 81 of module new_raft: 0
@!@!@ENDMSG 2221 @!@!@
@!@!@STARTMSG 2221:0 @!@!@
  line 490, col 28 to line 491, col 72 of module new_raft: 0
@!@!@ENDMSG 2221 @!@!@
@!@!@STARTMSG 2221:0 @!@!@
  line 138, col 5 to line 138, col 72 of module new_raft: 0
@!@!@ENDMSG 2221 @!@!@
@!@!@STARTMSG 2221:0 @!@!@
  line 493, col 28 to line 494, col 41 of module new_raft: 0
@!@!@ENDMSG 2221 @!@!@
@!@!@STARTMSG 2221:0 @!@!@
  line 496, col 32 to line 496, col 104 of module new_raft: 0
@!@!@ENDMSG 2221 @!@!@
@!@!@STARTMSG 2221:0 @!@!@
  line 497, col 32 to line 498, col 72 of module new_raft: 0
@!@!@ENDMSG 2221 @!@!@
@!@!@STARTMSG 2221:0 @!@!@
  line 138, col 5 to line 138, col 72 of module new_raft: 0
@!@!@ENDMSG 2221 @!@!@
@!@!@STARTMSG 2221:0 @!@!@
  line 500, col 32 to line 501, col 41 of module new_raft: 0
@!@!@ENDMSG 2221 @!@!@
@!@!@STARTMSG 2221:0 @!@!@
  line 502, col 31 to line 502, col 48 of module new_raft: 0
@!@!@ENDMSG 2221 @!@!@
@!@!@STARTMSG 2221:0 @!@!@
  line 134, col 15 to line 134, col 53 of module new_raft: 0
@!@!@ENDMSG 2221 @!@!@
@!@!@STARTMSG 2221:0 @!@!@
  line 514, col 19 to line 514, col 82 of module new_raft: 0
@!@!@ENDMSG 2221 @!@!@
@!@!@STARTMSG 2221:0 @!@!@
  line 515, col 19 to line 520, col 28 of module new_raft: 0
@!@!@ENDMSG 2221 @!@!@
@!@!@STARTMSG 2221:0 @!@!@
  line 522, col 24 to line 522, col 71 of module new_raft: 0
@!@!@ENDMSG 2221 @!@!@
@!@!@STARTMSG 2221:0 @!@!@
  line 257, col 8 to line 258, col 72 of module new_raft: 0
@!@!@ENDMSG 2221 @!@!@
@!@!@STARTMSG 2221:0 @!@!@
  line 259, col 8 to line 260, col 72 of module new_raft: 0
@!@!@ENDMSG 2221 @!@!@
@!@!@STARTMSG 2221:0 @!@!@
  line 261, col 8 to line 262, col 72 of module new_raft: 0
@!@!@ENDMSG 2221 @!@!@
@!@!@STARTMSG 2221:0 @!@!@
  line 524, col 24 to line 525, col 40 of module new_raft: 0
@!@!@ENDMSG 2221 @!@!@
@!@!@STARTMSG 2221:0 @!@!@
  line 526, col 24 to line 527, col 57 of module new_raft: 0
@!@!@ENDMSG 2221 @!@!@
@!@!@STARTMSG 2221:0 @!@!@
  line 529, col 32 to line 529, col 86 of module new_raft: 0
@!@!@ENDMSG 2221 @!@!@
@!@!@STARTMSG 2221:0 @!@!@
  line 266, col 8 to line 266, col 52 of module new_raft: 0
@!@!@ENDMSG 2221 @!@!@
@!@!@STARTMSG 2221:0 @!@!@
  line 267, col 8 to line 268, col 81 of module new_raft: 0
@!@!@ENDMSG 2221 @!@!@
@!@!@STARTMSG 2221:0 @!@!@
  line 269, col 8 to line 269, col 71 of module new_raft: 0
@!@!@ENDMSG 2221 @!@!@
@!@!@STARTMSG 2221:0 @!@!@
  line 532, col 32 to line 533, col 46 of module new_raft: 0
@!@!@ENDMSG 2221 @!@!@
@!@!@STARTMSG 2221:0 @!@!@
  line 534, col 32 to line 534, col 76 of module new_raft: 0
@!@!@ENDMSG 2221 @!@!@
@!@!@STARTMSG 2221:0 @!@!@
  line 535, col 32 to line 536, col 48 of module new_raft: 0
@!@!@ENDMSG 2221 @!@!@
@!@!@STARTMSG 2221:0 @!@!@
  line 554, col 12 to line 554, col 42 of module new_raft: 4
@!@!@ENDMSG 2221 @!@!@
@!@!@STARTMSG 2221:0 @!@!@
  line 572, col 79 to line 572, col 79 of module new_raft: 4
@!@!@ENDMSG 2221 @!@!@
@!@!@STARTMSG 2221:0 @!@!@
  line 571, col 61 to line 571, col 68 of module new_raft: 574
@!@!@ENDMSG 2221 @!@!@
@!@!@STARTMSG 2772:0 @!@!@
<DoHandleRequestVoteRequest line 573, col 1 to line 573, col 26 of module new_raft>: 226:686
@!@!@ENDMSG 2772 @!@!@
@!@!@STARTMSG 2221:0 @!@!@
  line 154, col 28 to line 154, col 42 of module new_raft: 1201
@!@!@ENDMSG 2221 @!@!@
@!@!@STARTMSG 2221:0 @!@!@
  |line 154, col 28 to line 154, col 35 of module new_raft: 857
@!@!@ENDMSG 2221 @!@!@
@!@!@STARTMSG 2221:0 @!@!@
  |line 154, col 40 to line 154, col 42 of module new_raft: 857
@!@!@ENDMSG 2221 @!@!@
@!@!@STARTMSG 2221:0 @!@!@
  line 574, col 37 to line 574, col 63 of module new_raft: 1769
@!@!@ENDMSG 2221 @!@!@
@!@!@STARTMSG 2221:0 @!@!@
  |line 574, col 37 to line 574, col 42 of module new_raft: 1083
@!@!@ENDMSG 2221 @!@!@
@!@!@STARTMSG 2221:0 @!@!@
  |line 574, col 46 to line 574, col 63 of module new_raft: 1083
@!@!@ENDMSG 2221 @!@!@
@!@!@STARTMSG 2221:0 @!@!@
  line 548, col 12 to line 548, col 28 of module new_raft: 686
@!@!@ENDMSG 2221 @!@!@
@!@!@STARTMSG 2221:0 @!@!@
  line 549, col 17 to line 549, col 40 of module new_raft: 686
@!@!@ENDMSG 2221 @!@!@
@!@!@STARTMSG 2221:0 @!@!@
  line 327, col 21 to line 327, col 53 of module new_raft: 0
@!@!@ENDMSG 2221 @!@!@
@!@!@STARTMSG 2221:0 @!@!@
  line 138, col 5 to line 138, col 72 of module new_raft: 0
@!@!@ENDMSG 2221 @!@!@
@!@!@STARTMSG 2221:0 @!@!@
  line 329, col 21 to line 330, col 32 of module new_raft: 0
@!@!@ENDMSG 2221 @!@!@
@!@!@STARTMSG 2221:0 @!@!@
  line 257, col 8 to line 258, col 72 of module new_raft: 0
@!@!@ENDMSG 2221 @!@!@
@!@!@STARTMSG 2221:0 @!@!@
  line 259, col 8 to line 260, col 72 of module new_raft: 0
@!@!@ENDMSG 2221 @!@!@
@!@!@STARTMSG 2221:0 @!@!@
  line 261, col 8 to line 262, col 72 of module new_raft: 0
@!@!@ENDMSG 2221 @!@!@
@!@!@STARTMSG 2221:0 @!@!@
  line 333, col 29 to line 333, col 49 of module new_raft: 0
@!@!@ENDMSG 2221 @!@!@
@!@!@STARTMSG 2221:0 @!@!@
  line 138, col 5 to line 138, col 72 of module new_raft: 0
@!@!@ENDMSG 2221 @!@!@
@!@!@STARTMSG 2221:0 @!@!@
  line 335, col 29 to line 336, col 32 of module new_raft: 0
@!@!@ENDMSG 2221 @!@!@
@!@!@STARTMSG 2221:0 @!@!@
  line 341, col 36 to line 341, col 56 of module new_raft: 0
@!@!@ENDMSG 2221 @!@!@
@!@!@STARTMSG 2221:0 @!@!@
  line 138, col 5 to line 138, col 72 of module new_raft: 0
@!@!@ENDMSG 2221 @!@!@
@!@!@STARTMSG 2221:0 @!@!@
  line 346, col 36 to line 347, col 46 of module new_raft: 0
@!@!@ENDMSG 2221 @!@!@
@!@!@STARTMSG 2221:0 @!@!@
  line 349, col 39 to line 349, col 55 of module new_raft: 0
@!@!@ENDMSG 2221 @!@!@
@!@!@STARTMSG 2221:0 @!@!@
  line 354, col 45 to line 354, col 75 of module new_raft: 0
@!@!@ENDMSG 2221 @!@!@
@!@!@STARTMSG 2221:0 @!@!@
  line 359, col 34 to line 363, col 78 of module new_raft: 0
@!@!@ENDMSG 2221 @!@!@
@!@!@STARTMSG 2221:0 @!@!@
  line 138, col 5 to line 138, col 72 of module new_raft: 0
@!@!@ENDMSG 2221 @!@!@
@!@!@STARTMSG 2221:0 @!@!@
  line 365, col 34 to line 366, col 45 of module new_raft: 0
@!@!@ENDMSG 2221 @!@!@
@!@!@STARTMSG 2221:0 @!@!@
  line 367, col 12 to line 367, col 55 of module new_raft: 0
@!@!@ENDMSG 2221 @!@!@
@!@!@STARTMSG 2221:0 @!@!@
  line 550, col 16 to line 550, col 40 of module new_raft: 686
@!@!@ENDMSG 2221 @!@!@
@!@!@STARTMSG 2221:0 @!@!@
  line 392, col 16 to line 392, col 75 of module new_raft: 0
@!@!@ENDMSG 2221 @!@!@
@!@!@STARTMSG 2221:0 @!@!@
  line 134, col 15 to line 134, col 53 of module new_raft: 0
@!@!@ENDMSG 2221 @!@!@
@!@!@STARTMSG 2221:0 @!@!@
  line 394, col 16 to line 394, col 73 of module new_raft: 0
@!@!@ENDMSG 2221 @!@!@
@!@!@STARTMSG 2221:0 @!@!@
  line 396, col 21 to line 396, col 68 of module new_raft: 0
@!@!@ENDMSG 2221 @!@!@
@!@!@STARTMSG 2221:0 @!@!@
  line 134, col 15 to line 134, col 53 of module new_raft: 0
@!@!@ENDMSG 2221 @!@!@
@!@!@STARTMSG 2221:0 @!@!@
  line 257, col 8 to line 258, col 72 of module new_raft: 0
@!@!@ENDMSG 2221 @!@!@
@!@!@STARTMSG 2221:0 @!@!@
  line 259, col 8 to line 260, col 72 of module new_raft: 0
@!@!@ENDMSG 2221 @!@!@
@!@!@STARTMSG 2221:0 @!@!@
  line 261, col 8 to line 262, col 72 of module new_raft: 0
@!@!@ENDMSG 2221 @!@!@
@!@!@STARTMSG 2221:0 @!@!@
  line 399, col 21 to line 400, col 32 of module new_raft: 0
@!@!@ENDMSG 2221 @!@!@
@!@!@STARTMSG 2221:0 @!@!@
  line 134, col 15 to line 134, col 53 of module new_raft: 0
@!@!@ENDMSG 2221 @!@!@
@!@!@STARTMSG 2221:0 @!@!@
  line 403, col 26 to line 404, col 38 of module new_raft: 0
@!@!@ENDMSG 2221 @!@!@
@!@!@STARTMSG 2221:0 @!@!@
  line 405, col 26 to line 405, col 85 of module new_raft: 0
@!@!@ENDMSG 2221 @!@!@
@!@!@STARTMSG 2221:0 @!@!@
  line 407, col 31 to line 408, col 62 of module new_raft: 0
@!@!@ENDMSG 2221 @!@!@
@!@!@STARTMSG 2221:0 @!@!@
  line 409, col 31 to line 409, col 84 of module new_raft: 0
@!@!@ENDMSG 2221 @!@!@
@!@!@STARTMSG 2221:0 @!@!@
  line 138, col 5 to line 138, col 72 of module new_raft: 0
@!@!@ENDMSG 2221 @!@!@
@!@!@STARTMSG 2221:0 @!@!@
  line 411, col 31 to line 411, col 95 of module new_raft: 0
@!@!@ENDMSG 2221 @!@!@
@!@!@STARTMSG 2221:0 @!@!@
  line 412, col 31 to line 413, col 72 of module new_raft: 0
@!@!@ENDMSG 2221 @!@!@
@!@!@STARTMSG 2221:0 @!@!@
  line 414, col 31 to line 414, col 84 of module new_raft: 0
@!@!@ENDMSG 2221 @!@!@
@!@!@STARTMSG 2221:0 @!@!@
  line 415, col 31 to line 415, col 84 of module new_raft: 0
@!@!@ENDMSG 2221 @!@!@
@!@!@STARTMSG 2221:0 @!@!@
  line 375, col 8 to line 375, col 79 of module new_raft: 0
@!@!@ENDMSG 2221 @!@!@
@!@!@STARTMSG 2221:0 @!@!@
  line 417, col 31 to line 418, col 48 of module new_raft: 0
@!@!@ENDMSG 2221 @!@!@
@!@!@STARTMSG 2221:0 @!@!@
  line 551, col 16 to line 551, col 37 of module new_raft: 686
@!@!@ENDMSG 2221 @!@!@
@!@!@STARTMSG 2221:0 @!@!@
  line 476, col 11 to line 476, col 21 of module new_raft: 686
@!@!@ENDMSG 2221 @!@!@
@!@!@STARTMSG 2221:0 @!@!@
  line 477, col 16 to line 477, col 75 of module new_raft: 38
@!@!@ENDMSG 2221 @!@!@
@!@!@STARTMSG 2221:0 @!@!@
  line 478, col 16 to line 478, col 28 of module new_raft: 38
@!@!@ENDMSG 2221 @!@!@
@!@!@STARTMSG 2221:0 @!@!@
  line 479, col 16 to line 480, col 36 of module new_raft: 38
@!@!@ENDMSG 2221 @!@!@
@!@!@STARTMSG 2221:0 @!@!@
  line 481, col 16 to line 481, col 24 of module new_raft: 648
@!@!@ENDMSG 2221 @!@!@
@!@!@STARTMSG 2221:0 @!@!@
  line 482, col 21 to line 482, col 80 of module new_raft: 29
@!@!@ENDMSG 2221 @!@!@
@!@!@STARTMSG 2221:0 @!@!@
  line 483, col 21 to line 483, col 30 of module new_raft: 29
@!@!@ENDMSG 2221 @!@!@
@!@!@STARTMSG 2221:0 @!@!@
  line 484, col 21 to line 485, col 38 of module new_raft: 29
@!@!@ENDMSG 2221 @!@!@
@!@!@STARTMSG 2221:0 @!@!@
  line 486, col 21 to line 486, col 26 of module new_raft: 619
@!@!@ENDMSG 2221 @!@!@
@!@!@STARTMSG 2221:0 @!@!@
  line 487, col 28 to line 487, col 80 of module new_raft: 517
@!@!@ENDMSG 2221 @!@!@
@!@!@STARTMSG 2221:0 @!@!@
  line 488, col 28 to line 488, col 80 of module new_raft: 517
@!@!@ENDMSG 2221 @!@!@
@!@!@STARTMSG 2221:0 @!@!@
  line 489, col 28 to line 489, col 81 of module new_raft: 517
@!@!@ENDMSG 2221 @!@!@
@!@!@STARTMSG 2221:0 @!@!@
  line 490, col 28 to line 491, col 72 of module new_raft: 517
@!@!@ENDMSG 2221 @!@!@
@!@!@STARTMSG 2221:0 @!@!@
  |line 490, col 40 to line 491, col 72 of module new_raft: 517
@!@!@ENDMSG 2221 @!@!@
@!@!@STARTMSG 2221:0 @!@!@
  ||line 490, col 42 to line 490, col 49 of module new_raft: 517
@!@!@ENDMSG 2221 @!@!@
@!@!@STARTMSG 2221:0 @!@!@
  ||line 490, col 59 to line 491, col 70 of module new_raft: 517
@!@!@ENDMSG 2221 @!@!@
@!@!@STARTMSG 2221:0 @!@!@
  ||line 490, col 66 to line 491, col 70 of module new_raft: 517
@!@!@ENDMSG 2221 @!@!@
@!@!@STARTMSG 2221:0 @!@!@
  |||line 490, col 69 to line 490, col 76 of module new_raft: 517
@!@!@ENDMSG 2221 @!@!@
@!@!@STARTMSG 2221:0 @!@!@
  |||line 491, col 56 to line 491, col 58 of module new_raft: 484
@!@!@ENDMSG 2221 @!@!@
@!@!@STARTMSG 2221:0 @!@!@
  |||line 491, col 70 to line 491, col 70 of module new_raft: 33
@!@!@ENDMSG 2221 @!@!@
@!@!@STARTMSG 2221:0 @!@!@
  line 492, col 28 to line 492, col 40 of module new_raft: 517
@!@!@ENDMSG 2221 @!@!@
@!@!@STARTMSG 2221:0 @!@!@
  line 493, col 28 to line 494, col 41 of module new_raft: 517
@!@!@ENDMSG 2221 @!@!@
@!@!@STARTMSG 2221:0 @!@!@
  line 495, col 26 to line 495, col 33 of module new_raft: 102
@!@!@ENDMSG 2221 @!@!@
@!@!@STARTMSG 2221:0 @!@!@
  line 496, col 32 to line 496, col 104 of module new_raft: 25
@!@!@ENDMSG 2221 @!@!@
@!@!@STARTMSG 2221:0 @!@!@
  line 497, col 32 to line 498, col 72 of module new_raft: 25
@!@!@ENDMSG 2221 @!@!@
@!@!@STARTMSG 2221:0 @!@!@
  line 499, col 32 to line 499, col 44 of module new_raft: 25
@!@!@ENDMSG 2221 @!@!@
@!@!@STARTMSG 2221:0 @!@!@
  line 500, col 32 to line 501, col 41 of module new_raft: 25
@!@!@ENDMSG 2221 @!@!@
@!@!@STARTMSG 2221:0 @!@!@
  line 502, col 31 to line 502, col 48 of module new_raft: 77
@!@!@ENDMSG 2221 @!@!@
@!@!@STARTMSG 2221:0 @!@!@
  line 551, col 73 to line 551, col 73 of module new_raft: 686
@!@!@ENDMSG 2221 @!@!@
@!@!@STARTMSG 2221:0 @!@!@
  line 551, col 76 to line 551, col 76 of module new_raft: 686
@!@!@ENDMSG 2221 @!@!@
@!@!@STARTMSG 2221:0 @!@!@
  line 551, col 79 to line 551, col 79 of module new_raft: 686
@!@!@ENDMSG 2221 @!@!@
@!@!@STARTMSG 2221:0 @!@!@
  line 134, col 15 to line 134, col 53 of module new_raft: 0
@!@!@ENDMSG 2221 @!@!@
@!@!@STARTMSG 2221:0 @!@!@
  line 514, col 19 to line 514, col 82 of module new_raft: 0
@!@!@ENDMSG 2221 @!@!@
@!@!@STARTMSG 2221:0 @!@!@
  line 515, col 19 to line 520, col 28 of module new_raft: 0
@!@!@ENDMSG 2221 @!@!@
@!@!@STARTMSG 2221:0 @!@!@
  line 522, col 24 to line 522, col 71 of module new_raft: 0
@!@!@ENDMSG 2221 @!@!@
@!@!@STARTMSG 2221:0 @!@!@
  line 257, col 8 to line 258, col 72 of module new_raft: 0
@!@!@ENDMSG 2221 @!@!@
@!@!@STARTMSG 2221:0 @!@!@
  line 259, col 8 to line 260, col 72 of module new_raft: 0
@!@!@ENDMSG 2221 @!@!@
@!@!@STARTMSG 2221:0 @!@!@
  line 261, col 8 to line 262, col 72 of module new_raft: 0
@!@!@ENDMSG 2221 @!@!@
@!@!@STARTMSG 2221:0 @!@!@
  line 524, col 24 to line 525, col 40 of module new_raft: 0
@!@!@ENDMSG 2221 @!@!@
@!@!@STARTMSG 2221:0 @!@!@
  line 526, col 24 to line 527, col 57 of module new_raft: 0
@!@!@ENDMSG 2221 @!@!@
@!@!@STARTMSG 2221:0 @!@!@
  line 529, col 32 to line 529, col 86 of module new_raft: 0
@!@!@ENDMSG 2221 @!@!@
@!@!@STARTMSG 2221:0 @!@!@
  line 266, col 8 to line 266, col 52 of module new_raft: 0
@!@!@ENDMSG 2221 @!@!@
@!@!@STARTMSG 2221:0 @!@!@
  line 267, col 8 to line 268, col 81 of module new_raft: 0
@!@!@ENDMSG 2221 @!@!@
@!@!@STARTMSG 2221:0 @!@!@
  line 269, col 8 to line 269, col 71 of module new_raft: 0
@!@!@ENDMSG 2221 @!@!@
@!@!@STARTMSG 2221:0 @!@!@
  line 532, col 32 to line 533, col 46 of module new_raft: 0
@!@!@ENDMSG 2221 @!@!@
@!@!@STARTMSG 2221:0 @!@!@
  line 534, col 32 to line 534, col 76 of module new_raft: 0
@!@!@ENDMSG 2221 @!@!@
@!@!@STARTMSG 2221:0 @!@!@
  line 535, col 32 to line 536, col 48 of module new_raft: 0
@!@!@ENDMSG 2221 @!@!@
@!@!@STARTMSG 2221:0 @!@!@
  line 554, col 12 to line 554, col 42 of module new_raft: 686
@!@!@ENDMSG 2221 @!@!@
@!@!@STARTMSG 2221:0 @!@!@
  line 574, col 79 to line 574, col 79 of module new_raft: 686
@!@!@ENDMSG 2221 @!@!@
@!@!@STARTMSG 2221:0 @!@!@
  line 573, col 61 to line 573, col 68 of module new_raft: 574
@!@!@ENDMSG 2221 @!@!@
@!@!@STARTMSG 2772:0 @!@!@
<DoHandleRequestVoteResponse line 575, col 1 to line 575, col 27 of module new_raft>: 138:339
@!@!@ENDMSG 2772 @!@!@
@!@!@STARTMSG 2221:0 @!@!@
  line 154, col 28 to line 154, col 42 of module new_raft: 1133
@!@!@ENDMSG 2221 @!@!@
@!@!@STARTMSG 2221:0 @!@!@
  |line 154, col 28 to line 154, col 35 of module new_raft: 855
@!@!@ENDMSG 2221 @!@!@
@!@!@STARTMSG 2221:0 @!@!@
  |line 154, col 40 to line 154, col 42 of module new_raft: 855
@!@!@ENDMSG 2221 @!@!@
@!@!@STARTMSG 2221:0 @!@!@
  line 576, col 37 to line 576, col 64 of module new_raft: 1414
@!@!@ENDMSG 2221 @!@!@
@!@!@STARTMSG 2221:0 @!@!@
  |line 576, col 37 to line 576, col 42 of module new_raft: 1076
@!@!@ENDMSG 2221 @!@!@
@!@!@STARTMSG 2221:0 @!@!@
  |line 576, col 46 to line 576, col 64 of module new_raft: 1076
@!@!@ENDMSG 2221 @!@!@
@!@!@STARTMSG 2221:0 @!@!@
  line 548, col 12 to line 548, col 28 of module new_raft: 338
@!@!@ENDMSG 2221 @!@!@
@!@!@STARTMSG 2221:0 @!@!@
  line 549, col 17 to line 549, col 40 of module new_raft: 339
@!@!@ENDMSG 2221 @!@!@
@!@!@STARTMSG 2221:0 @!@!@
  line 327, col 21 to line 327, col 53 of module new_raft: 0
@!@!@ENDMSG 2221 @!@!@
@!@!@STARTMSG 2221:0 @!@!@
  line 138, col 5 to line 138, col 72 of module new_raft: 0
@!@!@ENDMSG 2221 @!@!@
@!@!@STARTMSG 2221:0 @!@!@
  line 329, col 21 to line 330, col 32 of module new_raft: 0
@!@!@ENDMSG 2221 @!@!@
@!@!@STARTMSG 2221:0 @!@!@
  line 257, col 8 to line 258, col 72 of module new_raft: 0
@!@!@ENDMSG 2221 @!@!@
@!@!@STARTMSG 2221:0 @!@!@
  line 259, col 8 to line 260, col 72 of module new_raft: 0
@!@!@ENDMSG 2221 @!@!@
@!@!@STARTMSG 2221:0 @!@!@
  line 261, col 8 to line 262, col 72 of module new_raft: 0
@!@!@ENDMSG 2221 @!@!@
@!@!@STARTMSG 2221:0 @!@!@
  line 333, col 29 to line 333, col 49 of module new_raft: 0
@!@!@ENDMSG 2221 @!@!@
@!@!@STARTMSG 2221:0 @!@!@
  line 138, col 5 to line 138, col 72 of module new_raft: 0
@!@!@ENDMSG 2221 @!@!@
@!@!@STARTMSG 2221:0 @!@!@
  line 335, col 29 to line 336, col 32 of module new_raft: 0
@!@!@ENDMSG 2221 @!@!@
@!@!@STARTMSG 2221:0 @!@!@
  line 341, col 36 to line 341, col 56 of module new_raft: 0
@!@!@ENDMSG 2221 @!@!@
@!@!@STARTMSG 2221:0 @!@!@
  line 138, col 5 to line 138, col 72 of module new_raft: 0
@!@!@ENDMSG 2221 @!@!@
@!@!@STARTMSG 2221:0 @!@!@
  line 346, col 36 to line 347, col 46 of module new_raft: 0
@!@!@ENDMSG 2221 @!@!@
@!@!@STARTMSG 2221:0 @!@!@
  line 349, col 39 to line 349, col 55 of module new_raft: 0
@!@!@ENDMSG 2221 @!@!@
@!@!@STARTMSG 2221:0 @!@!@
  line 354, col 45 to line 354, col 75 of module new_raft: 0
@!@!@ENDMSG 2221 @!@!@
@!@!@STARTMSG 2221:0 @!@!@
  line 359, col 34 to line 363, col 78 of module new_raft: 0
@!@!@ENDMSG 2221 @!@!@
@!@!@STARTMSG 2221:0 @!@!@
  line 138, col 5 to line 138, col 72 of module new_raft: 0
@!@!@ENDMSG 2221 @!@!@
@!@!@STARTMSG 2221:0 @!@!@
  line 365, col 34 to line 366, col 45 of module new_raft: 0
@!@!@ENDMSG 2221 @!@!@
@!@!@STARTMSG 2221:0 @!@!@
  line 367, col 12 to line 367, col 55 of module new_raft: 0
@!@!@ENDMSG 2221 @!@!@
@!@!@STARTMSG 2221:0 @!@!@
  line 550, col 16 to line 550, col 40 of module new_raft: 339
@!@!@ENDMSG 2221 @!@!@
@!@!@STARTMSG 2221:0 @!@!@
  line 392, col 16 to line 392, col 75 of module new_raft: 0
@!@!@ENDMSG 2221 @!@!@
@!@!@STARTMSG 2221:0 @!@!@
  line 134, col 15 to line 134, col 53 of module new_raft: 0
@!@!@ENDMSG 2221 @!@!@
@!@!@STARTMSG 2221:0 @!@!@
  line 394, col 16 to line 394, col 73 of module new_raft: 0
@!@!@ENDMSG 2221 @!@!@
@!@!@STARTMSG 2221:0 @!@!@
  line 396, col 21 to line 396, col 68 of module new_raft: 0
@!@!@ENDMSG 2221 @!@!@
@!@!@STARTMSG 2221:0 @!@!@
  line 134, col 15 to line 134, col 53 of module new_raft: 0
@!@!@ENDMSG 2221 @!@!@
@!@!@STARTMSG 2221:0 @!@!@
  line 257, col 8 to line 258, col 72 of module new_raft: 0
@!@!@ENDMSG 2221 @!@!@
@!@!@STARTMSG 2221:0 @!@!@
  line 259, col 8 to line 260, col 72 of module new_raft: 0
@!@!@ENDMSG 2221 @!@!@
@!@!@STARTMSG 2221:0 @!@!@
  line 261, col 8 to line 262, col 72 of module new_raft: 0
@!@!@ENDMSG 2221 @!@!@
@!@!@STARTMSG 2221:0 @!@!@
  line 399, col 21 to line 400, col 32 of module new_raft: 0
@!@!@ENDMSG 2221 @!@!@
@!@!@STARTMSG 2221:0 @!@!@
  line 134, col 15 to line 134, col 53 of module new_raft: 0
@!@!@ENDMSG 2221 @!@!@
@!@!@STARTMSG 2221:0 @!@!@
  line 403, col 26 to line 404, col 38 of module new_raft: 0
@!@!@ENDMSG 2221 @!@!@
@!@!@STARTMSG 2221:0 @!@!@
  line 405, col 26 to line 405, col 85 of module new_raft: 0
@!@!@ENDMSG 2221 @!@!@
@!@!@STARTMSG 2221:0 @!@!@
  line 407, col 31 to line 408, col 62 of module new_raft: 0
@!@!@ENDMSG 2221 @!@!@
@!@!@STARTMSG 2221:0 @!@!@
  line 409, col 31 to line 409, col 84 of module new_raft: 0
@!@!@ENDMSG 2221 @!@!@
@!@!@STARTMSG 2221:0 @!@!@
  line 138, col 5 to line 138, col 72 of module new_raft: 0
@!@!@ENDMSG 2221 @!@!@
@!@!@STARTMSG 2221:0 @!@!@
  line 411, col 31 to line 411, col 95 of module new_raft: 0
@!@!@ENDMSG 2221 @!@!@
@!@!@STARTMSG 2221:0 @!@!@
  line 412, col 31 to line 413, col 72 of module new_raft: 0
@!@!@ENDMSG 2221 @!@!@
@!@!@STARTMSG 2221:0 @!@!@
  line 414, col 31 to line 414, col 84 of module new_raft: 0
@!@!@ENDMSG 2221 @!@!@
@!@!@STARTMSG 2221:0 @!@!@
  line 415, col 31 to line 415, col 84 of module new_raft: 0
@!@!@ENDMSG 2221 @!@!@
@!@!@STARTMSG 2221:0 @!@!@
  line 375, col 8 to line 375, col 79 of module new_raft: 0
@!@!@ENDMSG 2221 @!@!@
@!@!@STARTMSG 2221:0 @!@!@
  line 417, col 31 to line 418, col 48 of module new_raft: 0
@!@!@ENDMSG 2221 @!@!@
@!@!@STARTMSG 2221:0 @!@!@
  line 551, col 16 to line 551, col 37 of module new_raft: 339
@!@!@ENDMSG 2221 @!@!@
@!@!@STARTMSG 2221:0 @!@!@
  line 477, col 16 to line 477, col 75 of module new_raft: 0
@!@!@ENDMSG 2221 @!@!@
@!@!@STARTMSG 2221:0 @!@!@
  line 138, col 5 to line 138, col 72 of module new_raft: 0
@!@!@ENDMSG 2221 @!@!@
@!@!@STARTMSG 2221:0 @!@!@
  line 479, col 16 to line 480, col 36 of module new_raft: 0
@!@!@ENDMSG 2221 @!@!@
@!@!@STARTMSG 2221:0 @!@!@
  line 482, col 21 to line 482, col 80 of module new_raft: 0
@!@!@ENDMSG 2221 @!@!@
@!@!@STARTMSG 2221:0 @!@!@
  line 134, col 15 to line 134, col 53 of module new_raft: 0
@!@!@ENDMSG 2221 @!@!@
@!@!@STARTMSG 2221:0 @!@!@
  line 484, col 21 to line 485, col 38 of module new_raft: 0
@!@!@ENDMSG 2221 @!@!@
@!@!@STARTMSG 2221:0 @!@!@
  line 487, col 28 to line 487, col 80 of module new_raft: 0
@!@!@ENDMSG 2221 @!@!@
@!@!@STARTMSG 2221:0 @!@!@
  line 488, col 28 to line 488, col 80 of module new_raft: 0
@!@!@ENDMSG 2221 @!@!@
@!@!@STARTMSG 2221:0 @!@!@
  line 489, col 28 to line 489, col 81 of module new_raft: 0
@!@!@ENDMSG 2221 @!@!@
@!@!@STARTMSG 2221:0 @!@!@
  line 490, col 28 to line 491, col 72 of module new_raft: 0
@!@!@ENDMSG 2221 @!@!@
@!@!@STARTMSG 2221:0 @!@!@
  line 138, col 5 to line 138, col 72 of module new_raft: 0
@!@!@ENDMSG 2221 @!@!@
@!@!@STARTMSG 2221:0 @!@!@
  line 493, col 28 to line 494, col 41 of module new_raft: 0
@!@!@ENDMSG 2221 @!@!@
@!@!@STARTMSG 2221:0 @!@!@
  line 496, col 32 to line 496, col 104 of module new_raft: 0
@!@!@ENDMSG 2221 @!@!@
@!@!@STARTMSG 2221:0 @!@!@
  line 497, col 32 to line 498, col 72 of module new_raft: 0
@!@!@ENDMSG 2221 @!@!@
@!@!@STARTMSG 2221:0 @!@!@
  line 138, col 5 to line 138, col 72 of module new_raft: 0
@!@!@ENDMSG 2221 @!@!@
@!@!@STARTMSG 2221:0 @!@!@
  line 500, col 32 to line 501, col 41 of module new_raft: 0
@!@!@ENDMSG 2221 @!@!@
@!@!@STARTMSG 2221:0 @!@!@
  line 502, col 31 to line 502, col 48 of module new_raft: 0
@!@!@ENDMSG 2221 @!@!@
@!@!@STARTMSG 2221:0 @!@!@
  line 552, col 16 to line 552, col 38 of module new_raft: 339
@!@!@ENDMSG 2221 @!@!@
@!@!@STARTMSG 2221:0 @!@!@
  line 134, col 15 to line 134, col 53 of module new_raft: 338
@!@!@ENDMSG 2221 @!@!@
@!@!@STARTMSG 2221:0 @!@!@
  |line 134, col 27 to line 134, col 53 of module new_raft: 339
@!@!@ENDMSG 2221 @!@!@
@!@!@STARTMSG 2221:0 @!@!@
  line 508, col 16 to line 508, col 16 of module new_raft: 339
@!@!@ENDMSG 2221 @!@!@
@!@!@STARTMSG 2221:0 @!@!@
  line 513, col 14 to line 513, col 51 of module new_raft: 339
@!@!@ENDMSG 2221 @!@!@
@!@!@STARTMSG 2221:0 @!@!@
  |line 513, col 14 to line 513, col 37 of module new_raft: 339
@!@!@ENDMSG 2221 @!@!@
@!@!@STARTMSG 2221:0 @!@!@
  ||line 513, col 14 to line 513, col 25 of module new_raft: 339
@!@!@ENDMSG 2221 @!@!@
@!@!@STARTMSG 2221:0 @!@!@
  ||line 513, col 30 to line 513, col 37 of module new_raft: 177
@!@!@ENDMSG 2221 @!@!@
@!@!@STARTMSG 2221:0 @!@!@
  |line 513, col 42 to line 513, col 51 of module new_raft: 124
@!@!@ENDMSG 2221 @!@!@
@!@!@STARTMSG 2221:0 @!@!@
  line 514, col 19 to line 514, col 82 of module new_raft: 218
@!@!@ENDMSG 2221 @!@!@
@!@!@STARTMSG 2221:0 @!@!@
  line 515, col 19 to line 520, col 28 of module new_raft: 218
@!@!@ENDMSG 2221 @!@!@
@!@!@STARTMSG 2221:0 @!@!@
  |line 515, col 25 to line 520, col 28 of module new_raft: 218
@!@!@ENDMSG 2221 @!@!@
@!@!@STARTMSG 2221:0 @!@!@
  ||line 515, col 27 to line 519, col 70 of module new_raft: 218
@!@!@ENDMSG 2221 @!@!@
@!@!@STARTMSG 2221:0 @!@!@
  |||line 515, col 32 to line 515, col 89 of module new_raft: 218
@!@!@ENDMSG 2221 @!@!@
@!@!@STARTMSG 2221:0 @!@!@
  |||line 516, col 28 to line 516, col 81 of module new_raft: 56
@!@!@ENDMSG 2221 @!@!@
@!@!@STARTMSG 2221:0 @!@!@
  |||line 517, col 28 to line 517, col 83 of module new_raft: 3
@!@!@ENDMSG 2221 @!@!@
@!@!@STARTMSG 2221:0 @!@!@
  ||line 520, col 23 to line 520, col 23 of module new_raft: 218
@!@!@ENDMSG 2221 @!@!@
@!@!@STARTMSG 2221:0 @!@!@
  ||line 520, col 26 to line 520, col 26 of module new_raft: 218
@!@!@ENDMSG 2221 @!@!@
@!@!@STARTMSG 2221:0 @!@!@
  line 521, col 19 to line 521, col 41 of module new_raft: 121
@!@!@ENDMSG 2221 @!@!@
@!@!@STARTMSG 2221:0 @!@!@
  line 522, col 24 to line 522, col 71 of module new_raft: 0
@!@!@ENDMSG 2221 @!@!@
@!@!@STARTMSG 2221:0 @!@!@
  line 257, col 8 to line 258, col 72 of module new_raft: 0
@!@!@ENDMSG 2221 @!@!@
@!@!@STARTMSG 2221:0 @!@!@
  line 259, col 8 to line 260, col 72 of module new_raft: 0
@!@!@ENDMSG 2221 @!@!@
@!@!@STARTMSG 2221:0 @!@!@
  line 261, col 8 to line 262, col 72 of module new_raft: 0
@!@!@ENDMSG 2221 @!@!@
@!@!@STARTMSG 2221:0 @!@!@
  line 524, col 24 to line 525, col 40 of module new_raft: 0
@!@!@ENDMSG 2221 @!@!@
@!@!@STARTMSG 2221:0 @!@!@
  line 526, col 24 to line 527, col 57 of module new_raft: 120
@!@!@ENDMSG 2221 @!@!@
@!@!@STARTMSG 2221:0 @!@!@
  |line 526, col 40 to line 527, col 57 of module new_raft: 121
@!@!@ENDMSG 2221 @!@!@
@!@!@STARTMSG 2221:0 @!@!@
  line 528, col 27 to line 528, col 52 of module new_raft: 121
@!@!@ENDMSG 2221 @!@!@
@!@!@STARTMSG 2221:0 @!@!@
  line 529, col 32 to line 529, col 86 of module new_raft: 120
@!@!@ENDMSG 2221 @!@!@
@!@!@STARTMSG 2221:0 @!@!@
  line 266, col 8 to line 266, col 52 of module new_raft: 120
@!@!@ENDMSG 2221 @!@!@
@!@!@STARTMSG 2221:0 @!@!@
  |line 266, col 20 to line 266, col 52 of module new_raft: 121
@!@!@ENDMSG 2221 @!@!@
@!@!@STARTMSG 2221:0 @!@!@
  line 267, col 8 to line 268, col 81 of module new_raft: 120
@!@!@ENDMSG 2221 @!@!@
@!@!@STARTMSG 2221:0 @!@!@
  |line 267, col 22 to line 268, col 81 of module new_raft: 121
@!@!@ENDMSG 2221 @!@!@
@!@!@STARTMSG 2221:0 @!@!@
  line 269, col 8 to line 269, col 71 of module new_raft: 120
@!@!@ENDMSG 2221 @!@!@
@!@!@STARTMSG 2221:0 @!@!@
  |line 269, col 22 to line 269, col 71 of module new_raft: 121
@!@!@ENDMSG 2221 @!@!@
@!@!@STARTMSG 2221:0 @!@!@
  line 530, col 45 to line 530, col 45 of module new_raft: 121
@!@!@ENDMSG 2221 @!@!@
@!@!@STARTMSG 2221:0 @!@!@
  line 532, col 32 to line 533, col 46 of module new_raft: 120
@!@!@ENDMSG 2221 @!@!@
@!@!@STARTMSG 2221:0 @!@!@
  |line 532, col 38 to line 533, col 46 of module new_raft: 121
@!@!@ENDMSG 2221 @!@!@
@!@!@STARTMSG 2221:0 @!@!@
  line 534, col 32 to line 534, col 76 of module new_raft: 0
@!@!@ENDMSG 2221 @!@!@
@!@!@STARTMSG 2221:0 @!@!@
  line 535, col 32 to line 536, col 48 of module new_raft: 0
@!@!@ENDMSG 2221 @!@!@
@!@!@STARTMSG 2221:0 @!@!@
  line 552, col 73 to line 552, col 73 of module new_raft: 339
@!@!@ENDMSG 2221 @!@!@
@!@!@STARTMSG 2221:0 @!@!@
  line 552, col 76 to line 552, col 76 of module new_raft: 339
@!@!@ENDMSG 2221 @!@!@
@!@!@STARTMSG 2221:0 @!@!@
  line 552, col 79 to line 552, col 79 of module new_raft: 339
@!@!@ENDMSG 2221 @!@!@
@!@!@STARTMSG 2221:0 @!@!@
  line 554, col 12 to line 554, col 42 of module new_raft: 339
@!@!@ENDMSG 2221 @!@!@
@!@!@STARTMSG 2221:0 @!@!@
  line 576, col 79 to line 576, col 79 of module new_raft: 339
@!@!@ENDMSG 2221 @!@!@
@!@!@STARTMSG 2221:0 @!@!@
  line 575, col 61 to line 575, col 68 of module new_raft: 572
@!@!@ENDMSG 2221 @!@!@
@!@!@STARTMSG 2772:0 @!@!@
<DoAppendEntriesAll line 577, col 1 to line 577, col 18 of module new_raft>: 105:243
@!@!@ENDMSG 2772 @!@!@
@!@!@STARTMSG 2221:0 @!@!@
  line 154, col 28 to line 154, col 42 of module new_raft: 1095
@!@!@ENDMSG 2221 @!@!@
@!@!@STARTMSG 2221:0 @!@!@
  |line 154, col 28 to line 154, col 35 of module new_raft: 852
@!@!@ENDMSG 2221 @!@!@
@!@!@STARTMSG 2221:0 @!@!@
  |line 154, col 40 to line 154, col 42 of module new_raft: 852
@!@!@ENDMSG 2221 @!@!@
@!@!@STARTMSG 2221:0 @!@!@
  line 304, col 8 to line 304, col 77 of module new_raft: 243
@!@!@ENDMSG 2221 @!@!@
@!@!@STARTMSG 2221:0 @!@!@
  line 146, col 20 to line 146, col 36 of module new_raft: 1950
@!@!@ENDMSG 2221 @!@!@
@!@!@STARTMSG 2221:0 @!@!@
  |line 146, col 20 to line 146, col 27 of module new_raft: 1707
@!@!@ENDMSG 2221 @!@!@
@!@!@STARTMSG 2221:0 @!@!@
  |line 146, col 31 to line 146, col 36 of module new_raft: 1707
@!@!@ENDMSG 2221 @!@!@
@!@!@STARTMSG 2221:0 @!@!@
  line 305, col 17 to line 305, col 17 of module new_raft: 1707
@!@!@ENDMSG 2221 @!@!@
@!@!@STARTMSG 2221:0 @!@!@
  line 307, col 14 to line 307, col 26 of module new_raft: 486
@!@!@ENDMSG 2221 @!@!@
@!@!@STARTMSG 2221:0 @!@!@
  |line 307, col 14 to line 307, col 19 of module new_raft: 243
@!@!@ENDMSG 2221 @!@!@
@!@!@STARTMSG 2221:0 @!@!@
  |line 307, col 24 to line 307, col 26 of module new_raft: 243
@!@!@ENDMSG 2221 @!@!@
@!@!@STARTMSG 2221:0 @!@!@
  line 308, col 14 to line 308, col 22 of module new_raft: 243
@!@!@ENDMSG 2221 @!@!@
@!@!@STARTMSG 2221:0 @!@!@
  line 309, col 14 to line 309, col 44 of module new_raft: 243
@!@!@ENDMSG 2221 @!@!@
@!@!@STARTMSG 2221:0 @!@!@
  line 578, col 54 to line 578, col 54 of module new_raft: 1707
@!@!@ENDMSG 2221 @!@!@
@!@!@STARTMSG 2221:0 @!@!@
  line 577, col 61 to line 577, col 66 of module new_raft: 569
@!@!@ENDMSG 2221 @!@!@
@!@!@STARTMSG 2772:0 @!@!@
<DoClientRequest line 579, col 1 to line 579, col 15 of module new_raft>: 219:729
@!@!@ENDMSG 2772 @!@!@
@!@!@STARTMSG 2221:0 @!@!@
  line 154, col 28 to line 154, col 42 of module new_raft: 1095
@!@!@ENDMSG 2221 @!@!@
@!@!@STARTMSG 2221:0 @!@!@
  |line 154, col 28 to line 154, col 35 of module new_raft: 852
@!@!@ENDMSG 2221 @!@!@
@!@!@STARTMSG 2221:0 @!@!@
  |line 154, col 40 to line 154, col 42 of module new_raft: 852
@!@!@ENDMSG 2221 @!@!@
@!@!@STARTMSG 2221:0 @!@!@
  line 146, col 20 to line 146, col 36 of module new_raft: 5850
@!@!@ENDMSG 2221 @!@!@
@!@!@STARTMSG 2221:0 @!@!@
  |line 146, col 20 to line 146, col 27 of module new_raft: 5121
@!@!@ENDMSG 2221 @!@!@
@!@!@STARTMSG 2221:0 @!@!@
  |line 146, col 31 to line 146, col 36 of module new_raft: 5121
@!@!@ENDMSG 2221 @!@!@
@!@!@STARTMSG 2221:0 @!@!@
  line 422, col 17 to line 422, col 17 of module new_raft: 5121
@!@!@ENDMSG 2221 @!@!@
@!@!@STARTMSG 2221:0 @!@!@
  line 426, col 12 to line 426, col 44 of module new_raft: 729
@!@!@ENDMSG 2221 @!@!@
@!@!@STARTMSG 2221:0 @!@!@
  line 427, col 8 to line 427, col 38 of module new_raft: 729
@!@!@ENDMSG 2221 @!@!@
@!@!@STARTMSG 2221:0 @!@!@
  line 428, col 8 to line 429, col 49 of module new_raft: 729
@!@!@ENDMSG 2221 @!@!@
@!@!@STARTMSG 2221:0 @!@!@
  line 580, col 51 to line 580, col 51 of module new_raft: 5121
@!@!@ENDMSG 2221 @!@!@
@!@!@STARTMSG 2221:0 @!@!@
  line 580, col 54 to line 580, col 54 of module new_raft: 729
@!@!@ENDMSG 2221 @!@!@
@!@!@STARTMSG 2221:0 @!@!@
  line 579, col 61 to line 579, col 66 of module new_raft: 569
@!@!@ENDMSG 2221 @!@!@
@!@!@STARTMSG 2221:0 @!@!@
  line 579, col 75 to line 579, col 79 of module new_raft: 569
@!@!@ENDMSG 2221 @!@!@
@!@!@STARTMSG 2772:0 @!@!@
<DoTimeout line 581, col 1 to line 581, col 9 of module new_raft>: 515:1464
@!@!@ENDMSG 2772 @!@!@
@!@!@STARTMSG 2221:0 @!@!@
  line 154, col 28 to line 154, col 42 of module new_raft: 1421
@!@!@ENDMSG 2221 @!@!@
@!@!@STARTMSG 2221:0 @!@!@
  |line 154, col 28 to line 154, col 35 of module new_raft: 852
@!@!@ENDMSG 2221 @!@!@
@!@!@STARTMSG 2221:0 @!@!@
  |line 154, col 40 to line 154, col 42 of module new_raft: 852
@!@!@ENDMSG 2221 @!@!@
@!@!@STARTMSG 2221:0 @!@!@
  line 540, col 18 to line 540, col 29 of module new_raft: 3171
@!@!@ENDMSG 2221 @!@!@
@!@!@STARTMSG 2221:0 @!@!@
  |line 540, col 19 to line 540, col 29 of module new_raft: 1707
@!@!@ENDMSG 2221 @!@!@
@!@!@STARTMSG 2221:0 @!@!@
  line 541, col 18 to line 541, col 60 of module new_raft: 1464
@!@!@ENDMSG 2221 @!@!@
@!@!@STARTMSG 2221:0 @!@!@
  line 542, col 18 to line 542, col 35 of module new_raft: 1464
@!@!@ENDMSG 2221 @!@!@
@!@!@STARTMSG 2221:0 @!@!@
  line 582, col 45 to line 582, col 45 of module new_raft: 1707
@!@!@ENDMSG 2221 @!@!@
@!@!@STARTMSG 2221:0 @!@!@
  line 581, col 61 to line 581, col 66 of module new_raft: 569
@!@!@ENDMSG 2221 @!@!@
@!@!@STARTMSG 2772:0 @!@!@
<DoRestart line 583, col 1 to line 583, col 9 of module new_raft>: 585:1701
@!@!@ENDMSG 2772 @!@!@
@!@!@STARTMSG 2221:0 @!@!@
  line 154, col 28 to line 154, col 42 of module new_raft: 1417
@!@!@ENDMSG 2221 @!@!@
@!@!@STARTMSG 2221:0 @!@!@
  |line 154, col 28 to line 154, col 35 of module new_raft: 850
@!@!@ENDMSG 2221 @!@!@
@!@!@STARTMSG 2221:0 @!@!@
  |line 154, col 40 to line 154, col 42 of module new_raft: 850
@!@!@ENDMSG 2221 @!@!@
@!@!@STARTMSG 2221:0 @!@!@
  line 247, col 8 to line 247, col 55 of module new_raft: 1701
@!@!@ENDMSG 2221 @!@!@
@!@!@STARTMSG 2221:0 @!@!@
  line 248, col 8 to line 248, col 56 of module new_raft: 1701
@!@!@ENDMSG 2221 @!@!@
@!@!@STARTMSG 2221:0 @!@!@
  line 249, col 8 to line 249, col 71 of module new_raft: 1701
@!@!@ENDMSG 2221 @!@!@
@!@!@STARTMSG 2221:0 @!@!@
  line 250, col 8 to line 250, col 72 of module new_raft: 1701
@!@!@ENDMSG 2221 @!@!@
@!@!@STARTMSG 2221:0 @!@!@
  line 251, col 8 to line 251, col 54 of module new_raft: 1701
@!@!@ENDMSG 2221 @!@!@
@!@!@STARTMSG 2221:0 @!@!@
  line 252, col 8 to line 252, col 29 of module new_raft: 1701
@!@!@ENDMSG 2221 @!@!@
@!@!@STARTMSG 2221:0 @!@!@
  line 253, col 8 to line 253, col 73 of module new_raft: 1701
@!@!@ENDMSG 2221 @!@!@
@!@!@STARTMSG 2221:0 @!@!@
  line 584, col 45 to line 584, col 45 of module new_raft: 1701
@!@!@ENDMSG 2221 @!@!@
@!@!@STARTMSG 2221:0 @!@!@
  line 583, col 61 to line 583, col 66 of module new_raft: 567
@!@!@ENDMSG 2221 @!@!@
@!@!@STARTMSG 2772:0 @!@!@
<DoDrop line 585, col 1 to line 585, col 6 of module new_raft>: 432:1069
@!@!@ENDMSG 2772 @!@!@
@!@!@STARTMSG 2221:0 @!@!@
  line 154, col 28 to line 154, col 42 of module new_raft: 1315
@!@!@ENDMSG 2221 @!@!@
@!@!@STARTMSG 2221:0 @!@!@
  |line 154, col 28 to line 154, col 35 of module new_raft: 850
@!@!@ENDMSG 2221 @!@!@
@!@!@STARTMSG 2221:0 @!@!@
  |line 154, col 40 to line 154, col 42 of module new_raft: 850
@!@!@ENDMSG 2221 @!@!@
@!@!@STARTMSG 2221:0 @!@!@
  line 564, col 8 to line 564, col 17 of module new_raft: 1069
@!@!@ENDMSG 2221 @!@!@
@!@!@STARTMSG 2221:0 @!@!@
  line 565, col 8 to line 565, col 36 of module new_raft: 1069
@!@!@ENDMSG 2221 @!@!@
@!@!@STARTMSG 2221:0 @!@!@
  line 566, col 8 to line 566, col 72 of module new_raft: 1069
@!@!@ENDMSG 2221 @!@!@
@!@!@STARTMSG 2221:0 @!@!@
  line 586, col 49 to line 586, col 49 of module new_raft: 1069
@!@!@ENDMSG 2221 @!@!@
@!@!@STARTMSG 2221:0 @!@!@
  line 585, col 61 to line 585, col 68 of module new_raft: 567
@!@!@ENDMSG 2221 @!@!@
@!@!@STARTMSG 2772:0 @!@!@
<DoDuplicate line 587, col 1 to line 587, col 11 of module new_raft>: 432:1069
@!@!@ENDMSG 2772 @!@!@
@!@!@STARTMSG 2221:0 @!@!@
  line 154, col 28 to line 154, col 42 of module new_raft: 1315
@!@!@ENDMSG 2221 @!@!@
@!@!@STARTMSG 2221:0 @!@!@
  |line 154, col 28 to line 154, col 35 of module new_raft: 850
@!@!@ENDMSG 2221 @!@!@
@!@!@STARTMSG 2221:0 @!@!@
  |line 154, col 40 to line 154, col 42 of module new_raft: 850
@!@!@ENDMSG 2221 @!@!@
@!@!@STARTMSG 2221:0 @!@!@
  line 558, col 8 to line 558, col 14 of module new_raft: 1069
@!@!@ENDMSG 2221 @!@!@
@!@!@STARTMSG 2221:0 @!@!@
  line 559, col 8 to line 559, col 33 of module new_raft: 1069
@!@!@ENDMSG 2221 @!@!@
@!@!@STARTMSG 2221:0 @!@!@
  line 560, col 8 to line 560, col 72 of module new_raft: 1069
@!@!@ENDMSG 2221 @!@!@
@!@!@STARTMSG 2221:0 @!@!@
  line 588, col 54 to line 588, col 54 of module new_raft: 1069
@!@!@ENDMSG 2221 @!@!@
@!@!@STARTMSG 2221:0 @!@!@
  line 587, col 61 to line 587, col 68 of module new_raft: 567
@!@!@ENDMSG 2221 @!@!@
@!@!@STARTMSG 2772:0 @!@!@
<DoLoop line 590, col 1 to line 590, col 6 of module new_raft>: 279:283
@!@!@ENDMSG 2772 @!@!@
@!@!@STARTMSG 2221:0 @!@!@
  line 590, col 14 to line 590, col 73 of module new_raft: 283
@!@!@ENDMSG 2221 @!@!@
@!@!@STARTMSG 2221:0 @!@!@
  line 153, col 28 to line 153, col 42 of module new_raft: 1133
@!@!@ENDMSG 2221 @!@!@
@!@!@STARTMSG 2221:0 @!@!@
  |line 153, col 28 to line 153, col 35 of module new_raft: 850
@!@!@ENDMSG 2221 @!@!@
@!@!@STARTMSG 2221:0 @!@!@
  |line 153, col 40 to line 153, col 42 of module new_raft: 850
@!@!@ENDMSG 2221 @!@!@
@!@!@STARTMSG 2221:0 @!@!@
  line 592, col 14 to line 592, col 44 of module new_raft: 566
@!@!@ENDMSG 2221 @!@!@
@!@!@STARTMSG 2221:0 @!@!@
  |line 592, col 14 to line 592, col 39 of module new_raft: 283
@!@!@ENDMSG 2221 @!@!@
@!@!@STARTMSG 2221:0 @!@!@
  line 598, col 22 to line 598, col 45 of module new_raft: 283
@!@!@ENDMSG 2221 @!@!@
@!@!@STARTMSG 2221:0 @!@!@
  line 301, col 24 to line 301, col 29 of module new_raft: 86
@!@!@ENDMSG 2221 @!@!@
@!@!@STARTMSG 2221:0 @!@!@
  |line 301, col 24 to line 301, col 24 of module new_raft: 43
@!@!@ENDMSG 2221 @!@!@
@!@!@STARTMSG 2221:0 @!@!@
  |line 301, col 29 to line 301, col 29 of module new_raft: 43
@!@!@ENDMSG 2221 @!@!@
@!@!@STARTMSG 2221:0 @!@!@
  line 130, col 12 to line 130, col 47 of module new_raft: 43
@!@!@ENDMSG 2221 @!@!@
@!@!@STARTMSG 2221:0 @!@!@
  line 301, col 39 to line 301, col 63 of module new_raft: 43
@!@!@ENDMSG 2221 @!@!@
@!@!@STARTMSG 2221:0 @!@!@
  |line 286, col 20 to line 293, col 75 of module new_raft: 43
@!@!@ENDMSG 2221 @!@!@
@!@!@STARTMSG 2221:0 @!@!@
  ||line 286, col 25 to line 286, col 56 of module new_raft: 43
@!@!@ENDMSG 2221 @!@!@
@!@!@STARTMSG 2221:0 @!@!@
  ||line 287, col 25 to line 287, col 54 of module new_raft: 43
@!@!@ENDMSG 2221 @!@!@
@!@!@STARTMSG 2221:0 @!@!@
  ||line 288, col 25 to line 288, col 53 of module new_raft: 43
@!@!@ENDMSG 2221 @!@!@
@!@!@STARTMSG 2221:0 @!@!@
  ||line 289, col 25 to line 289, col 49 of module new_raft: 43
@!@!@ENDMSG 2221 @!@!@
@!@!@STARTMSG 2221:0 @!@!@
  ||line 292, col 25 to line 292, col 48 of module new_raft: 43
@!@!@ENDMSG 2221 @!@!@
@!@!@STARTMSG 2221:0 @!@!@
  ||line 293, col 43 to line 293, col 74 of module new_raft: 43
@!@!@ENDMSG 2221 @!@!@
@!@!@STARTMSG 2221:0 @!@!@
  |||line 141, col 11 to line 141, col 46 of module new_raft: 43
@!@!@ENDMSG 2221 @!@!@
@!@!@STARTMSG 2221:0 @!@!@
  ||||line 141, col 28 to line 141, col 46 of module new_raft: 43
@!@!@ENDMSG 2221 @!@!@
@!@!@STARTMSG 2221:0 @!@!@
  |||||line 141, col 41 to line 141, col 46 of module new_raft: 73
@!@!@ENDMSG 2221 @!@!@
@!@!@STARTMSG 2221:0 @!@!@
  |||||line 141, col 37 to line 141, col 37 of module new_raft: 43
@!@!@ENDMSG 2221 @!@!@
@!@!@STARTMSG 2221:0 @!@!@
  ||||line 141, col 24 to line 141, col 24 of module new_raft: 43
@!@!@ENDMSG 2221 @!@!@
@!@!@STARTMSG 2775:0 @!@!@
  |||line 293, col 47 to line 293, col 73 of module new_raft: 43:159
@!@!@ENDMSG 2775 @!@!@
@!@!@STARTMSG 2221:0 @!@!@
  |line 285, col 23 to line 285, col 64 of module new_raft: 43
@!@!@ENDMSG 2221 @!@!@
@!@!@STARTMSG 2221:0 @!@!@
  |line 278, col 28 to line 278, col 46 of module new_raft: 43
@!@!@ENDMSG 2221 @!@!@
@!@!@STARTMSG 2221:0 @!@!@
  |line 284, col 25 to line 284, col 59 of module new_raft: 43
@!@!@ENDMSG 2221 @!@!@
@!@!@STARTMSG 2221:0 @!@!@
  ||line 141, col 11 to line 141, col 46 of module new_raft: 43
@!@!@ENDMSG 2221 @!@!@
@!@!@STARTMSG 2221:0 @!@!@
  |||line 141, col 28 to line 141, col 46 of module new_raft: 43
@!@!@ENDMSG 2221 @!@!@
@!@!@STARTMSG 2221:0 @!@!@
  ||||line 141, col 41 to line 141, col 46 of module new_raft: 78
@!@!@ENDMSG 2221 @!@!@
@!@!@STARTMSG 2221:0 @!@!@
  ||||line 141, col 37 to line 141, col 37 of module new_raft: 43
@!@!@ENDMSG 2221 @!@!@
@!@!@STARTMSG 2221:0 @!@!@
  |||line 141, col 24 to line 141, col 24 of module new_raft: 43
@!@!@ENDMSG 2221 @!@!@
@!@!@STARTMSG 2775:0 @!@!@
  ||line 284, col 29 to line 284, col 58 of module new_raft: 43:164
@!@!@ENDMSG 2775 @!@!@
@!@!@STARTMSG 2775:0 @!@!@
  |line 294, col 23 to line 297, col 49 of module new_raft: 43:448
@!@!@ENDMSG 2775 @!@!@
@!@!@STARTMSG 2221:0 @!@!@
  |line 279, col 27 to line 282, col 31 of module new_raft: 43
@!@!@ENDMSG 2221 @!@!@
@!@!@STARTMSG 2221:0 @!@!@
  |line 298, col 10 to line 298, col 12 of module new_raft: 43
@!@!@ENDMSG 2221 @!@!@
@!@!@STARTMSG 2221:0 @!@!@
  |line 301, col 59 to line 301, col 59 of module new_raft: 43
@!@!@ENDMSG 2221 @!@!@
@!@!@STARTMSG 2221:0 @!@!@
  |line 301, col 62 to line 301, col 62 of module new_raft: 43
@!@!@ENDMSG 2221 @!@!@
@!@!@STARTMSG 2221:0 @!@!@
  line 599, col 38 to line 599, col 38 of module new_raft: 43
@!@!@ENDMSG 2221 @!@!@
@!@!@STARTMSG 2221:0 @!@!@
  line 599, col 41 to line 599, col 41 of module new_raft: 43
@!@!@ENDMSG 2221 @!@!@
@!@!@STARTMSG 2221:0 @!@!@
  line 172, col 5 to line 172, col 19 of module new_raft: 43
@!@!@ENDMSG 2221 @!@!@
@!@!@STARTMSG 2221:0 @!@!@
  line 600, col 31 to line 600, col 31 of module new_raft: 43
@!@!@ENDMSG 2221 @!@!@
@!@!@STARTMSG 2221:0 @!@!@
  |line 595, col 24 to line 595, col 42 of module new_raft: 43
@!@!@ENDMSG 2221 @!@!@
@!@!@STARTMSG 2221:0 @!@!@
  ||line 156, col 28 to line 161, col 80 of module new_raft: 43
@!@!@ENDMSG 2221 @!@!@
@!@!@STARTMSG 2221:0 @!@!@
  |||line 156, col 31 to line 156, col 42 of module new_raft: 43
@!@!@ENDMSG 2221 @!@!@
@!@!@STARTMSG 2221:0 @!@!@
  |||line 158, col 42 to line 158, col 60 of module new_raft: 43
@!@!@ENDMSG 2221 @!@!@
@!@!@STARTMSG 2221:0 @!@!@
  |||line 159, col 36 to line 161, col 80 of module new_raft: 43
@!@!@ENDMSG 2221 @!@!@
@!@!@STARTMSG 2221:0 @!@!@
  ||||line 159, col 39 to line 159, col 56 of module new_raft: 43
@!@!@ENDMSG 2221 @!@!@
@!@!@STARTMSG 2221:0 @!@!@
  ||||line 160, col 41 to line 160, col 52 of module new_raft: 12
@!@!@ENDMSG 2221 @!@!@
@!@!@STARTMSG 2221:0 @!@!@
  ||||line 161, col 42 to line 161, col 79 of module new_raft: 31
@!@!@ENDMSG 2221 @!@!@
@!@!@STARTMSG 2221:0 @!@!@
  ||line 595, col 41 to line 595, col 41 of module new_raft: 43
@!@!@ENDMSG 2221 @!@!@
@!@!@STARTMSG 2221:0 @!@!@
  line 601, col 24 to line 602, col 41 of module new_raft: 43
@!@!@ENDMSG 2221 @!@!@
@!@!@STARTMSG 2221:0 @!@!@
  line 603, col 20 to line 603, col 41 of module new_raft: 240
@!@!@ENDMSG 2221 @!@!@
@!@!@STARTMSG 2221:0 @!@!@
  line 130, col 12 to line 130, col 47 of module new_raft: 240
@!@!@ENDMSG 2221 @!@!@
@!@!@STARTMSG 2221:0 @!@!@
  line 440, col 13 to line 440, col 15 of module new_raft: 240
@!@!@ENDMSG 2221 @!@!@
@!@!@STARTMSG 2775:0 @!@!@
  |line 436, col 17 to line 439, col 33 of module new_raft: 240:208
@!@!@ENDMSG 2775 @!@!@
@!@!@STARTMSG 2221:0 @!@!@
  ||line 436, col 19 to line 436, col 45 of module new_raft: 240
@!@!@ENDMSG 2221 @!@!@
@!@!@STARTMSG 2221:0 @!@!@
  ||line 437, col 19 to line 437, col 28 of module new_raft: 240
@!@!@ENDMSG 2221 @!@!@
@!@!@STARTMSG 2221:0 @!@!@
  ||line 438, col 19 to line 438, col 28 of module new_raft: 240
@!@!@ENDMSG 2221 @!@!@
@!@!@STARTMSG 2221:0 @!@!@
  ||line 439, col 28 to line 439, col 31 of module new_raft: 240
@!@!@ENDMSG 2221 @!@!@
@!@!@STARTMSG 2221:0 @!@!@
  |||line 432, col 17 to line 435, col 54 of module new_raft: 240
@!@!@ENDMSG 2221 @!@!@
@!@!@STARTMSG 2221:0 @!@!@
  ||||line 432, col 19 to line 432, col 51 of module new_raft: 240
@!@!@ENDMSG 2221 @!@!@
@!@!@STARTMSG 2221:0 @!@!@
  ||||line 433, col 19 to line 433, col 37 of module new_raft: 240
@!@!@ENDMSG 2221 @!@!@
@!@!@STARTMSG 2221:0 @!@!@
  ||||line 434, col 19 to line 434, col 47 of module new_raft: 240
@!@!@ENDMSG 2221 @!@!@
@!@!@STARTMSG 2221:0 @!@!@
  ||||line 435, col 37 to line 435, col 52 of module new_raft: 240
@!@!@ENDMSG 2221 @!@!@
@!@!@STARTMSG 2221:0 @!@!@
  |||||line 118, col 19 to line 118, col 67 of module new_raft: 240
@!@!@ENDMSG 2221 @!@!@
@!@!@STARTMSG 2221:0 @!@!@
  ||||||line 118, col 22 to line 118, col 34 of module new_raft: 240
@!@!@ENDMSG 2221 @!@!@
@!@!@STARTMSG 2221:0 @!@!@
  ||||||line 118, col 48 to line 118, col 67 of module new_raft: 10
@!@!@ENDMSG 2221 @!@!@
@!@!@STARTMSG 2221:0 @!@!@
  |||||line 435, col 46 to line 435, col 51 of module new_raft: 240
@!@!@ENDMSG 2221 @!@!@
@!@!@STARTMSG 2221:0 @!@!@
  line 604, col 36 to line 604, col 36 of module new_raft: 240
@!@!@ENDMSG 2221 @!@!@
@!@!@STARTMSG 2221:0 @!@!@
  line 604, col 39 to line 604, col 39 of module new_raft: 240
@!@!@ENDMSG 2221 @!@!@
@!@!@STARTMSG 2221:0 @!@!@
  line 172, col 5 to line 172, col 19 of module new_raft: 240
@!@!@ENDMSG 2221 @!@!@
@!@!@STARTMSG 2221:0 @!@!@
  line 605, col 31 to line 605, col 31 of module new_raft: 240
@!@!@ENDMSG 2221 @!@!@
@!@!@STARTMSG 2221:0 @!@!@
  |line 595, col 24 to line 595, col 42 of module new_raft: 240
@!@!@ENDMSG 2221 @!@!@
@!@!@STARTMSG 2221:0 @!@!@
  ||line 156, col 28 to line 161, col 80 of module new_raft: 240
@!@!@ENDMSG 2221 @!@!@
@!@!@STARTMSG 2221:0 @!@!@
  |||line 156, col 31 to line 156, col 42 of module new_raft: 240
@!@!@ENDMSG 2221 @!@!@
@!@!@STARTMSG 2221:0 @!@!@
  |||line 158, col 42 to line 158, col 60 of module new_raft: 240
@!@!@ENDMSG 2221 @!@!@
@!@!@STARTMSG 2221:0 @!@!@
  |||line 159, col 36 to line 161, col 80 of module new_raft: 240
@!@!@ENDMSG 2221 @!@!@
@!@!@STARTMSG 2221:0 @!@!@
  ||||line 159, col 39 to line 159, col 56 of module new_raft: 240
@!@!@ENDMSG 2221 @!@!@
@!@!@STARTMSG 2221:0 @!@!@
  ||||line 160, col 41 to line 160, col 52 of module new_raft: 74
@!@!@ENDMSG 2221 @!@!@
@!@!@STARTMSG 2221:0 @!@!@
  ||||line 161, col 42 to line 161, col 79 of module new_raft: 166
@!@!@ENDMSG 2221 @!@!@
@!@!@STARTMSG 2221:0 @!@!@
  ||line 595, col 41 to line 595, col 41 of module new_raft: 240
@!@!@ENDMSG 2221 @!@!@
@!@!@STARTMSG 2221:0 @!@!@
  line 606, col 24 to line 607, col 41 of module new_raft: 240
@!@!@ENDMSG 2221 @!@!@
@!@!@STARTMSG 2774:0 @!@!@
<AtMostOneLeaderPerTerm line 180, col 1 to line 180, col 22 of module new_raft>
@!@!@ENDMSG 2774 @!@!@
@!@!@STARTMSG 2221:0 @!@!@
  line 181, col 22 to line 185, col 44 of module new_raft: 2963
@!@!@ENDMSG 2221 @!@!@
@!@!@STARTMSG 2221:0 @!@!@
  |line 182, col 25 to line 185, col 44 of module new_raft: 26661
@!@!@ENDMSG 2221 @!@!@
@!@!@STARTMSG 2221:0 @!@!@
  ||line 182, col 28 to line 182, col 33 of module new_raft: 26661
@!@!@ENDMSG 2221 @!@!@
@!@!@STARTMSG 2221:0 @!@!@
  ||line 183, col 28 to line 183, col 58 of module new_raft: 17774
@!@!@ENDMSG 2221 @!@!@
@!@!@STARTMSG 2221:0 @!@!@
  ||line 184, col 28 to line 184, col 44 of module new_raft: 8422
@!@!@ENDMSG 2221 @!@!@
@!@!@STARTMSG 2221:0 @!@!@
  ||line 185, col 28 to line 185, col 44 of module new_raft: 1704
@!@!@ENDMSG 2221 @!@!@
@!@!@STARTMSG 2221:0 @!@!@
  |line 181, col 34 to line 181, col 39 of module new_raft: 2963
@!@!@ENDMSG 2221 @!@!@
@!@!@STARTMSG 2221:0 @!@!@
  line 186, col 8 to line 186, col 20 of module new_raft: 2963
@!@!@ENDMSG 2221 @!@!@
@!@!@STARTMSG 2202:0 @!@!@
End of statistics.
@!@!@ENDMSG 2202 @!@!@
@!@!@STARTMSG 2200:0 @!@!@
Progress(12) at 2022-03-27 10:42:51: 7,618 states generated (280,245 s/min), 2,963 distinct states found (109,000 ds/min), 2,115 states left on queue.
@!@!@ENDMSG 2200 @!@!@
@!@!@STARTMSG 2199:0 @!@!@
7618 states generated, 2963 distinct states found, 2115 states left on queue.
@!@!@ENDMSG 2199 @!@!@
@!@!@STARTMSG 2194:0 @!@!@
The depth of the complete state graph search is 12.
@!@!@ENDMSG 2194 @!@!@
@!@!@STARTMSG 2268:0 @!@!@
The average outdegree of the complete state graph is 3 (minimum is 0, the maximum 18 and the 95th percentile is 16).
@!@!@ENDMSG 2268 @!@!@
@!@!@STARTMSG 2186:0 @!@!@
Finished in 1637ms at (2022-03-27 10:42:51)
@!@!@ENDMSG 2186 @!@!@
